This is XeTeX, Version 3.14159265-2.6-0.99999 (TeX Live 2018/W32TeX) (preloaded format=xelatex 2019.2.21)  18 MAY 2019 14:06
entering extended mode
 restricted \write18 enabled.
 %&-line parsing enabled.
**THESIS.tex
(./THESIS.tex
LaTeX2e <2018-12-01>
(c:/Users/hedgi/AppData/Roaming/TinyTeX/texmf-dist/tex/latex/base/report.cls
Document Class: report 2018/09/03 v1.4i Standard LaTeX document class
(c:/Users/hedgi/AppData/Roaming/TinyTeX/texmf-dist/tex/latex/base/size12.clo
File: size12.clo 2018/09/03 v1.4i Standard LaTeX file (size option)
)
\c@part=\count80
\c@chapter=\count81
\c@section=\count82
\c@subsection=\count83
\c@subsubsection=\count84
\c@paragraph=\count85
\c@subparagraph=\count86
\c@figure=\count87
\c@table=\count88
\abovecaptionskip=\skip41
\belowcaptionskip=\skip42
\bibindent=\dimen102
) (c:/Users/hedgi/AppData/Roaming/TinyTeX/texmf-dist/tex/latex/lm/lmodern.sty
Package: lmodern 2009/10/30 v1.6 Latin Modern Fonts
LaTeX Font Info:    Overwriting symbol font `operators' in version `normal'
(Font)                  OT1/cmr/m/n --> OT1/lmr/m/n on input line 22.
LaTeX Font Info:    Overwriting symbol font `letters' in version `normal'
(Font)                  OML/cmm/m/it --> OML/lmm/m/it on input line 23.
LaTeX Font Info:    Overwriting symbol font `symbols' in version `normal'
(Font)                  OMS/cmsy/m/n --> OMS/lmsy/m/n on input line 24.
LaTeX Font Info:    Overwriting symbol font `largesymbols' in version `normal'
(Font)                  OMX/cmex/m/n --> OMX/lmex/m/n on input line 25.
LaTeX Font Info:    Overwriting symbol font `operators' in version `bold'
(Font)                  OT1/cmr/bx/n --> OT1/lmr/bx/n on input line 26.
LaTeX Font Info:    Overwriting symbol font `letters' in version `bold'
(Font)                  OML/cmm/b/it --> OML/lmm/b/it on input line 27.
LaTeX Font Info:    Overwriting symbol font `symbols' in version `bold'
(Font)                  OMS/cmsy/b/n --> OMS/lmsy/b/n on input line 28.
LaTeX Font Info:    Overwriting symbol font `largesymbols' in version `bold'
(Font)                  OMX/cmex/m/n --> OMX/lmex/m/n on input line 29.
LaTeX Font Info:    Overwriting math alphabet `\mathbf' in version `normal'
(Font)                  OT1/cmr/bx/n --> OT1/lmr/bx/n on input line 31.
LaTeX Font Info:    Overwriting math alphabet `\mathsf' in version `normal'
(Font)                  OT1/cmss/m/n --> OT1/lmss/m/n on input line 32.
LaTeX Font Info:    Overwriting math alphabet `\mathit' in version `normal'
(Font)                  OT1/cmr/m/it --> OT1/lmr/m/it on input line 33.
LaTeX Font Info:    Overwriting math alphabet `\mathtt' in version `normal'
(Font)                  OT1/cmtt/m/n --> OT1/lmtt/m/n on input line 34.
LaTeX Font Info:    Overwriting math alphabet `\mathbf' in version `bold'
(Font)                  OT1/cmr/bx/n --> OT1/lmr/bx/n on input line 35.
LaTeX Font Info:    Overwriting math alphabet `\mathsf' in version `bold'
(Font)                  OT1/cmss/bx/n --> OT1/lmss/bx/n on input line 36.
LaTeX Font Info:    Overwriting math alphabet `\mathit' in version `bold'
(Font)                  OT1/cmr/bx/it --> OT1/lmr/bx/it on input line 37.
LaTeX Font Info:    Overwriting math alphabet `\mathtt' in version `bold'
(Font)                  OT1/cmtt/m/n --> OT1/lmtt/m/n on input line 38.
)
(c:/Users/hedgi/AppData/Roaming/TinyTeX/texmf-dist/tex/latex/amsfonts/amssymb.s
ty
Package: amssymb 2013/01/14 v3.01 AMS font symbols

(c:/Users/hedgi/AppData/Roaming/TinyTeX/texmf-dist/tex/latex/amsfonts/amsfonts.
sty
Package: amsfonts 2013/01/14 v3.01 Basic AMSFonts support
\@emptytoks=\toks14
\symAMSa=\mathgroup4
\symAMSb=\mathgroup5
LaTeX Font Info:    Overwriting math alphabet `\mathfrak' in version `bold'
(Font)                  U/euf/m/n --> U/euf/b/n on input line 106.
))
(c:/Users/hedgi/AppData/Roaming/TinyTeX/texmf-dist/tex/latex/amsmath/amsmath.st
y
Package: amsmath 2018/12/01 v2.17b AMS math features
\@mathmargin=\skip43
For additional information on amsmath, use the `?' option.

(c:/Users/hedgi/AppData/Roaming/TinyTeX/texmf-dist/tex/latex/amsmath/amstext.st
y
Package: amstext 2000/06/29 v2.01 AMS text

(c:/Users/hedgi/AppData/Roaming/TinyTeX/texmf-dist/tex/latex/amsmath/amsgen.sty
File: amsgen.sty 1999/11/30 v2.0 generic functions
\@emptytoks=\toks15
\ex@=\dimen103
))
(c:/Users/hedgi/AppData/Roaming/TinyTeX/texmf-dist/tex/latex/amsmath/amsbsy.sty
Package: amsbsy 1999/11/29 v1.2d Bold Symbols
\pmbraise@=\dimen104
)
(c:/Users/hedgi/AppData/Roaming/TinyTeX/texmf-dist/tex/latex/amsmath/amsopn.sty
Package: amsopn 2016/03/08 v2.02 operator names
)
\inf@bad=\count89
LaTeX Info: Redefining \frac on input line 223.
\uproot@=\count90
\leftroot@=\count91
LaTeX Info: Redefining \overline on input line 385.
\classnum@=\count92
\DOTSCASE@=\count93
LaTeX Info: Redefining \ldots on input line 482.
LaTeX Info: Redefining \dots on input line 485.
LaTeX Info: Redefining \cdots on input line 606.
\Mathstrutbox@=\box27
\strutbox@=\box28
\big@size=\dimen105
LaTeX Font Info:    Redeclaring font encoding OML on input line 729.
LaTeX Font Info:    Redeclaring font encoding OMS on input line 730.
\macc@depth=\count94
\c@MaxMatrixCols=\count95
\dotsspace@=\muskip10
\c@parentequation=\count96
\dspbrk@lvl=\count97
\tag@help=\toks16
\row@=\count98
\column@=\count99
\maxfields@=\count100
\andhelp@=\toks17
\eqnshift@=\dimen106
\alignsep@=\dimen107
\tagshift@=\dimen108
\tagwidth@=\dimen109
\totwidth@=\dimen110
\lineht@=\dimen111
\@envbody=\toks18
\multlinegap=\skip44
\multlinetaggap=\skip45
\mathdisplay@stack=\toks19
LaTeX Info: Redefining \[ on input line 2844.
LaTeX Info: Redefining \] on input line 2845.
)
(c:/Users/hedgi/AppData/Roaming/TinyTeX/texmf-dist/tex/generic/ifxetex/ifxetex.
sty
Package: ifxetex 2010/09/12 v0.6 Provides ifxetex conditional
)
(c:/Users/hedgi/AppData/Roaming/TinyTeX/texmf-dist/tex/generic/oberdiek/ifluate
x.sty
Package: ifluatex 2016/05/16 v1.4 Provides the ifluatex switch (HO)
Package ifluatex Info: LuaTeX not detected.
) (c:/Users/hedgi/AppData/Roaming/TinyTeX/texmf-dist/tex/latex/base/fixltx2e.st
y
Package: fixltx2e 2016/12/29 v2.1a fixes to LaTeX (obsolete)
Applying: [2015/01/01] Old fixltx2e package on input line 46.

Package fixltx2e Warning: fixltx2e is not required with releases after 2015
(fixltx2e)                All fixes are now in the LaTeX kernel.
(fixltx2e)                See the latexrelease package for details.

Already applied: [0000/00/00] Old fixltx2e package on input line 53.
)
(c:/Users/hedgi/AppData/Roaming/TinyTeX/texmf-dist/tex/xelatex/mathspec/mathspe
c.sty
Package: mathspec 2016/12/22 v0.2b LaTeX Package (Mathematics font selection fo
r XeLaTeX)

(c:/Users/hedgi/AppData/Roaming/TinyTeX/texmf-dist/tex/latex/etoolbox/etoolbox.
sty
Package: etoolbox 2018/08/19 v2.5f e-TeX tools for LaTeX (JAW)
\etb@tempcnta=\count101
)
(c:/Users/hedgi/AppData/Roaming/TinyTeX/texmf-dist/tex/latex/fontspec/fontspec.
sty
(c:/Users/hedgi/AppData/Roaming/TinyTeX/texmf-dist/tex/latex/l3packages/xparse/
xparse.sty
(c:/Users/hedgi/AppData/Roaming/TinyTeX/texmf-dist/tex/latex/l3kernel/expl3.sty
Package: expl3 2019-02-15 L3 programming layer (loader) 

(c:/Users/hedgi/AppData/Roaming/TinyTeX/texmf-dist/tex/latex/l3kernel/expl3-cod
e.tex
Package: expl3 2019-02-15 L3 programming layer (code)
\c_max_int=\count102
\l_tmpa_int=\count103
\l_tmpb_int=\count104
\g_tmpa_int=\count105
\g_tmpb_int=\count106
\g__kernel_prg_map_int=\count107
\c_log_iow=\count108
\l_iow_line_count_int=\count109
\l__iow_line_target_int=\count110
\l__iow_one_indent_int=\count111
\l__iow_indent_int=\count112
\c_zero_dim=\dimen112
\c_max_dim=\dimen113
\l_tmpa_dim=\dimen114
\l_tmpb_dim=\dimen115
\g_tmpa_dim=\dimen116
\g_tmpb_dim=\dimen117
\c_zero_skip=\skip46
\c_max_skip=\skip47
\l_tmpa_skip=\skip48
\l_tmpb_skip=\skip49
\g_tmpa_skip=\skip50
\g_tmpb_skip=\skip51
\c_zero_muskip=\muskip11
\c_max_muskip=\muskip12
\l_tmpa_muskip=\muskip13
\l_tmpb_muskip=\muskip14
\g_tmpa_muskip=\muskip15
\g_tmpb_muskip=\muskip16
\l_keys_choice_int=\count113
\l__intarray_loop_int=\count114
\c__intarray_sp_dim=\dimen118
\g__intarray_font_int=\count115
\c__fp_leading_shift_int=\count116
\c__fp_middle_shift_int=\count117
\c__fp_trailing_shift_int=\count118
\c__fp_big_leading_shift_int=\count119
\c__fp_big_middle_shift_int=\count120
\c__fp_big_trailing_shift_int=\count121
\c__fp_Bigg_leading_shift_int=\count122
\c__fp_Bigg_middle_shift_int=\count123
\c__fp_Bigg_trailing_shift_int=\count124
\g__fp_array_int=\count125
\l__fp_array_loop_int=\count126
\l__sort_length_int=\count127
\l__sort_min_int=\count128
\l__sort_top_int=\count129
\l__sort_max_int=\count130
\l__sort_true_max_int=\count131
\l__sort_block_int=\count132
\l__sort_begin_int=\count133
\l__sort_end_int=\count134
\l__sort_A_int=\count135
\l__sort_B_int=\count136
\l__sort_C_int=\count137
\l__tl_analysis_normal_int=\count138
\l__tl_analysis_index_int=\count139
\l__tl_analysis_nesting_int=\count140
\l__tl_analysis_type_int=\count141
\l__regex_internal_a_int=\count142
\l__regex_internal_b_int=\count143
\l__regex_internal_c_int=\count144
\l__regex_balance_int=\count145
\l__regex_group_level_int=\count146
\l__regex_mode_int=\count147
\c__regex_cs_in_class_mode_int=\count148
\c__regex_cs_mode_int=\count149
\l__regex_catcodes_int=\count150
\l__regex_default_catcodes_int=\count151
\c__regex_catcode_L_int=\count152
\c__regex_catcode_O_int=\count153
\c__regex_catcode_A_int=\count154
\c__regex_all_catcodes_int=\count155
\l__regex_show_lines_int=\count156
\l__regex_min_state_int=\count157
\l__regex_max_state_int=\count158
\l__regex_left_state_int=\count159
\l__regex_right_state_int=\count160
\l__regex_capturing_group_int=\count161
\l__regex_min_pos_int=\count162
\l__regex_max_pos_int=\count163
\l__regex_curr_pos_int=\count164
\l__regex_start_pos_int=\count165
\l__regex_success_pos_int=\count166
\l__regex_curr_char_int=\count167
\l__regex_curr_catcode_int=\count168
\l__regex_last_char_int=\count169
\l__regex_case_changed_char_int=\count170
\l__regex_curr_state_int=\count171
\l__regex_step_int=\count172
\l__regex_min_active_int=\count173
\l__regex_max_active_int=\count174
\l__regex_replacement_csnames_int=\count175
\l__regex_match_count_int=\count176
\l__regex_min_submatch_int=\count177
\l__regex_submatch_int=\count178
\l__regex_zeroth_submatch_int=\count179
\g__regex_trace_regex_int=\count180
\c_empty_box=\box29
\l_tmpa_box=\box30
\l_tmpb_box=\box31
\g_tmpa_box=\box32
\g_tmpb_box=\box33
\l__box_top_dim=\dimen119
\l__box_bottom_dim=\dimen120
\l__box_left_dim=\dimen121
\l__box_right_dim=\dimen122
\l__box_top_new_dim=\dimen123
\l__box_bottom_new_dim=\dimen124
\l__box_left_new_dim=\dimen125
\l__box_right_new_dim=\dimen126
\l__box_internal_box=\box34
\l__coffin_internal_box=\box35
\l__coffin_internal_dim=\dimen127
\l__coffin_offset_x_dim=\dimen128
\l__coffin_offset_y_dim=\dimen129
\l__coffin_x_dim=\dimen130
\l__coffin_y_dim=\dimen131
\l__coffin_x_prime_dim=\dimen132
\l__coffin_y_prime_dim=\dimen133
\c_empty_coffin=\box36
\l__coffin_aligned_coffin=\box37
\l__coffin_aligned_internal_coffin=\box38
\l_tmpa_coffin=\box39
\l_tmpb_coffin=\box40
\g_tmpa_coffin=\box41
\g_tmpb_coffin=\box42
\c__coffin_empty_coffin=\box43
\l__coffin_display_coffin=\box44
\l__coffin_display_coord_coffin=\box45
\l__coffin_display_pole_coffin=\box46
\l__coffin_display_offset_dim=\dimen134
\l__coffin_display_x_dim=\dimen135
\l__coffin_display_y_dim=\dimen136
\g__file_internal_ior=\read1
\l__coffin_bounding_shift_dim=\dimen137
\l__coffin_left_corner_dim=\dimen138
\l__coffin_right_corner_dim=\dimen139
\l__coffin_bottom_corner_dim=\dimen140
\l__coffin_top_corner_dim=\dimen141
\l__coffin_scaled_total_height_dim=\dimen142
\l__coffin_scaled_width_dim=\dimen143
)
(c:/Users/hedgi/AppData/Roaming/TinyTeX/texmf-dist/tex/latex/l3kernel/l3xdvipdf
mx.def
File: l3xdvipdfmx.def 2019-02-15 v L3 Experimental driver: xdvipdfmx
\g__driver_image_int=\count181
\g__driver_pdf_object_int=\count182
))
Package: xparse 2018-10-17 L3 Experimental document command parser
\l__xparse_current_arg_int=\count183
\g__xparse_grabber_int=\count184
\l__xparse_m_args_int=\count185
\l__xparse_mandatory_args_int=\count186
\l__xparse_v_nesting_int=\count187
)
Package: fontspec 2019/02/12 v2.7b Font selection for XeLaTeX and LuaLaTeX

(c:/Users/hedgi/AppData/Roaming/TinyTeX/texmf-dist/tex/latex/fontspec/fontspec-
xetex.sty
Package: fontspec-xetex 2019/02/12 v2.7b Font selection for XeLaTeX and LuaLaTe
X
\l__fontspec_script_int=\count188
\l__fontspec_language_int=\count189
\l__fontspec_strnum_int=\count190
\l__fontspec_tmp_int=\count191
\l__fontspec_tmpa_int=\count192
\l__fontspec_tmpb_int=\count193
\l__fontspec_tmpc_int=\count194
\l__fontspec_em_int=\count195
\l__fontspec_emdef_int=\count196
\l__fontspec_strong_int=\count197
\l__fontspec_strongdef_int=\count198
\l__fontspec_tmpa_dim=\dimen144
\l__fontspec_tmpb_dim=\dimen145
\l__fontspec_tmpc_dim=\dimen146
(c:/Users/hedgi/AppData/Roaming/TinyTeX/texmf-dist/tex/latex/base/fontenc.sty
Package: fontenc 2018/08/11 v2.0j Standard LaTeX package
(c:/Users/hedgi/AppData/Roaming/TinyTeX/texmf-dist/tex/latex/base/tuenc.def
File: tuenc.def 2018/08/11 v2.0j Standard LaTeX file
LaTeX Font Info:    Redeclaring font encoding TU on input line 82.
))
(c:/Users/hedgi/AppData/Roaming/TinyTeX/texmf-dist/tex/latex/fontspec/fontspec.
cfg)
LaTeX Info: Redefining \itshape on input line 4044.
LaTeX Info: Redefining \slshape on input line 4049.
LaTeX Info: Redefining \scshape on input line 4054.
LaTeX Info: Redefining \upshape on input line 4059.
LaTeX Info: Redefining \em on input line 4089.
LaTeX Info: Redefining \emph on input line 4114.
))
(c:/Users/hedgi/AppData/Roaming/TinyTeX/texmf-dist/tex/latex/xkeyval/xkeyval.st
y
Package: xkeyval 2014/12/03 v2.7a package option processing (HA)

(c:/Users/hedgi/AppData/Roaming/TinyTeX/texmf-dist/tex/generic/xkeyval/xkeyval.
tex
(c:/Users/hedgi/AppData/Roaming/TinyTeX/texmf-dist/tex/generic/xkeyval/xkvutils
.tex
\XKV@toks=\toks20
\XKV@tempa@toks=\toks21

(c:/Users/hedgi/AppData/Roaming/TinyTeX/texmf-dist/tex/generic/xkeyval/keyval.t
ex))
\XKV@depth=\count199
File: xkeyval.tex 2014/12/03 v2.7a key=value parser (HA)
))
\c@eu@=\count266
\c@eu@i=\count267
\c@mkern=\count268
)
(c:/Users/hedgi/AppData/Roaming/TinyTeX/texmf-dist/tex/latex/upquote/upquote.st
y
Package: upquote 2012/04/19 v1.3 upright-quote and grave-accent glyphs in verba
tim
(c:/Users/hedgi/AppData/Roaming/TinyTeX/texmf-dist/tex/latex/base/textcomp.sty
Package: textcomp 2018/08/11 v2.0j Standard LaTeX package
Package textcomp Info: Sub-encoding information:
(textcomp)               5 = only ISO-Adobe without \textcurrency
(textcomp)               4 = 5 + \texteuro
(textcomp)               3 = 4 + \textohm
(textcomp)               2 = 3 + \textestimated + \textcurrency
(textcomp)               1 = TS1 - \textcircled - \t
(textcomp)               0 = TS1 (full)
(textcomp)             Font families with sub-encoding setting implement
(textcomp)             only a restricted character set as indicated.
(textcomp)             Family '?' is the default used for unknown fonts.
(textcomp)             See the documentation for details.
Package textcomp Info: Setting ? sub-encoding to TS1/1 on input line 79.
(c:/Users/hedgi/AppData/Roaming/TinyTeX/texmf-dist/tex/latex/base/ts1enc.def
File: ts1enc.def 2001/06/05 v3.0e (jk/car/fm) Standard LaTeX file
)
LaTeX Info: Redefining \oldstylenums on input line 334.
Package textcomp Info: Setting cmr sub-encoding to TS1/0 on input line 349.
Package textcomp Info: Setting cmss sub-encoding to TS1/0 on input line 350.
Package textcomp Info: Setting cmtt sub-encoding to TS1/0 on input line 351.
Package textcomp Info: Setting cmvtt sub-encoding to TS1/0 on input line 352.
Package textcomp Info: Setting cmbr sub-encoding to TS1/0 on input line 353.
Package textcomp Info: Setting cmtl sub-encoding to TS1/0 on input line 354.
Package textcomp Info: Setting ccr sub-encoding to TS1/0 on input line 355.
Package textcomp Info: Setting ptm sub-encoding to TS1/4 on input line 356.
Package textcomp Info: Setting pcr sub-encoding to TS1/4 on input line 357.
Package textcomp Info: Setting phv sub-encoding to TS1/4 on input line 358.
Package textcomp Info: Setting ppl sub-encoding to TS1/3 on input line 359.
Package textcomp Info: Setting pag sub-encoding to TS1/4 on input line 360.
Package textcomp Info: Setting pbk sub-encoding to TS1/4 on input line 361.
Package textcomp Info: Setting pnc sub-encoding to TS1/4 on input line 362.
Package textcomp Info: Setting pzc sub-encoding to TS1/4 on input line 363.
Package textcomp Info: Setting bch sub-encoding to TS1/4 on input line 364.
Package textcomp Info: Setting put sub-encoding to TS1/5 on input line 365.
Package textcomp Info: Setting uag sub-encoding to TS1/5 on input line 366.
Package textcomp Info: Setting ugq sub-encoding to TS1/5 on input line 367.
Package textcomp Info: Setting ul8 sub-encoding to TS1/4 on input line 368.
Package textcomp Info: Setting ul9 sub-encoding to TS1/4 on input line 369.
Package textcomp Info: Setting augie sub-encoding to TS1/5 on input line 370.
Package textcomp Info: Setting dayrom sub-encoding to TS1/3 on input line 371.
Package textcomp Info: Setting dayroms sub-encoding to TS1/3 on input line 372.

Package textcomp Info: Setting pxr sub-encoding to TS1/0 on input line 373.
Package textcomp Info: Setting pxss sub-encoding to TS1/0 on input line 374.
Package textcomp Info: Setting pxtt sub-encoding to TS1/0 on input line 375.
Package textcomp Info: Setting txr sub-encoding to TS1/0 on input line 376.
Package textcomp Info: Setting txss sub-encoding to TS1/0 on input line 377.
Package textcomp Info: Setting txtt sub-encoding to TS1/0 on input line 378.
Package textcomp Info: Setting lmr sub-encoding to TS1/0 on input line 379.
Package textcomp Info: Setting lmdh sub-encoding to TS1/0 on input line 380.
Package textcomp Info: Setting lmss sub-encoding to TS1/0 on input line 381.
Package textcomp Info: Setting lmssq sub-encoding to TS1/0 on input line 382.
Package textcomp Info: Setting lmvtt sub-encoding to TS1/0 on input line 383.
Package textcomp Info: Setting lmtt sub-encoding to TS1/0 on input line 384.
Package textcomp Info: Setting qhv sub-encoding to TS1/0 on input line 385.
Package textcomp Info: Setting qag sub-encoding to TS1/0 on input line 386.
Package textcomp Info: Setting qbk sub-encoding to TS1/0 on input line 387.
Package textcomp Info: Setting qcr sub-encoding to TS1/0 on input line 388.
Package textcomp Info: Setting qcs sub-encoding to TS1/0 on input line 389.
Package textcomp Info: Setting qpl sub-encoding to TS1/0 on input line 390.
Package textcomp Info: Setting qtm sub-encoding to TS1/0 on input line 391.
Package textcomp Info: Setting qzc sub-encoding to TS1/0 on input line 392.
Package textcomp Info: Setting qhvc sub-encoding to TS1/0 on input line 393.
Package textcomp Info: Setting futs sub-encoding to TS1/4 on input line 394.
Package textcomp Info: Setting futx sub-encoding to TS1/4 on input line 395.
Package textcomp Info: Setting futj sub-encoding to TS1/4 on input line 396.
Package textcomp Info: Setting hlh sub-encoding to TS1/3 on input line 397.
Package textcomp Info: Setting hls sub-encoding to TS1/3 on input line 398.
Package textcomp Info: Setting hlst sub-encoding to TS1/3 on input line 399.
Package textcomp Info: Setting hlct sub-encoding to TS1/5 on input line 400.
Package textcomp Info: Setting hlx sub-encoding to TS1/5 on input line 401.
Package textcomp Info: Setting hlce sub-encoding to TS1/5 on input line 402.
Package textcomp Info: Setting hlcn sub-encoding to TS1/5 on input line 403.
Package textcomp Info: Setting hlcw sub-encoding to TS1/5 on input line 404.
Package textcomp Info: Setting hlcf sub-encoding to TS1/5 on input line 405.
Package textcomp Info: Setting pplx sub-encoding to TS1/3 on input line 406.
Package textcomp Info: Setting pplj sub-encoding to TS1/3 on input line 407.
Package textcomp Info: Setting ptmx sub-encoding to TS1/4 on input line 408.
Package textcomp Info: Setting ptmj sub-encoding to TS1/4 on input line 409.
))
(c:/Users/hedgi/AppData/Roaming/TinyTeX/texmf-dist/tex/latex/microtype/microtyp
e.sty
Package: microtype 2018/01/14 v2.7a Micro-typographical refinements (RS)
\MT@toks=\toks22
\MT@count=\count269
LaTeX Info: Redefining \textls on input line 793.
\MT@outer@kern=\dimen147
LaTeX Info: Redefining \textmicrotypecontext on input line 1339.
\MT@listname@count=\count270

(c:/Users/hedgi/AppData/Roaming/TinyTeX/texmf-dist/tex/latex/microtype/microtyp
e-xetex.def
File: microtype-xetex.def 2018/01/14 v2.7a Definitions specific to xetex (RS)
LaTeX Info: Redefining \lsstyle on input line 256.
)
Package microtype Info: Loading configuration file microtype.cfg.

(c:/Users/hedgi/AppData/Roaming/TinyTeX/texmf-dist/tex/latex/microtype/microtyp
e.cfg
File: microtype.cfg 2018/01/14 v2.7a microtype main configuration file (RS)
))
(c:/Users/hedgi/AppData/Roaming/TinyTeX/texmf-dist/tex/latex/geometry/geometry.
sty
Package: geometry 2018/04/16 v5.8 Page Geometry

(c:/Users/hedgi/AppData/Roaming/TinyTeX/texmf-dist/tex/generic/oberdiek/ifpdf.s
ty
Package: ifpdf 2018/09/07 v3.3 Provides the ifpdf switch
)
(c:/Users/hedgi/AppData/Roaming/TinyTeX/texmf-dist/tex/generic/oberdiek/ifvtex.
sty
Package: ifvtex 2016/05/16 v1.6 Detect VTeX and its facilities (HO)
Package ifvtex Info: VTeX not detected.
)
\Gm@cnth=\count271
\Gm@cntv=\count272
\c@Gm@tempcnt=\count273
\Gm@bindingoffset=\dimen148
\Gm@wd@mp=\dimen149
\Gm@odd@mp=\dimen150
\Gm@even@mp=\dimen151
\Gm@layoutwidth=\dimen152
\Gm@layoutheight=\dimen153
\Gm@layouthoffset=\dimen154
\Gm@layoutvoffset=\dimen155
\Gm@dimlist=\toks23
)
(c:/Users/hedgi/AppData/Roaming/TinyTeX/texmf-dist/tex/latex/hyperref/hyperref.
sty
Package: hyperref 2018/11/30 v6.88e Hypertext links for LaTeX

(c:/Users/hedgi/AppData/Roaming/TinyTeX/texmf-dist/tex/generic/oberdiek/hobsub-
hyperref.sty
Package: hobsub-hyperref 2016/05/16 v1.14 Bundle oberdiek, subset hyperref (HO)


(c:/Users/hedgi/AppData/Roaming/TinyTeX/texmf-dist/tex/generic/oberdiek/hobsub-
generic.sty
Package: hobsub-generic 2016/05/16 v1.14 Bundle oberdiek, subset generic (HO)
Package: hobsub 2016/05/16 v1.14 Construct package bundles (HO)
Package: infwarerr 2016/05/16 v1.4 Providing info/warning/error messages (HO)
Package: ltxcmds 2016/05/16 v1.23 LaTeX kernel commands for general use (HO)
Package hobsub Info: Skipping package `ifluatex' (already loaded).
Package hobsub Info: Skipping package `ifvtex' (already loaded).
Package: intcalc 2016/05/16 v1.2 Expandable calculations with integers (HO)
Package hobsub Info: Skipping package `ifpdf' (already loaded).
Package: etexcmds 2016/05/16 v1.6 Avoid name clashes with e-TeX commands (HO)
Package etexcmds Info: Could not find \expanded.
(etexcmds)             That can mean that you are not using pdfTeX 1.50 or
(etexcmds)             that some package has redefined \expanded.
(etexcmds)             In the latter case, load this package earlier.
Package: kvsetkeys 2016/05/16 v1.17 Key value parser (HO)
Package: kvdefinekeys 2016/05/16 v1.4 Define keys (HO)
Package: pdftexcmds 2018/09/10 v0.29 Utility functions of pdfTeX for LuaTeX (HO
)
Package pdftexcmds Info: LuaTeX not detected.
Package pdftexcmds Info: pdfTeX >= 1.30 not detected.
Package pdftexcmds Info: \pdf@primitive is available.
Package pdftexcmds Info: \pdf@ifprimitive is available.
Package pdftexcmds Info: \pdfdraftmode not found.
Package: pdfescape 2016/05/16 v1.14 Implements pdfTeX's escape features (HO)
Package: bigintcalc 2016/05/16 v1.4 Expandable calculations on big integers (HO
)
Package: bitset 2016/05/16 v1.2 Handle bit-vector datatype (HO)
Package: uniquecounter 2016/05/16 v1.3 Provide unlimited unique counter (HO)
)
Package hobsub Info: Skipping package `hobsub' (already loaded).
Package: letltxmacro 2016/05/16 v1.5 Let assignment for LaTeX macros (HO)
Package: hopatch 2016/05/16 v1.3 Wrapper for package hooks (HO)
Package: xcolor-patch 2016/05/16 xcolor patch
Package: atveryend 2016/05/16 v1.9 Hooks at the very end of document (HO)
Package: atbegshi 2016/06/09 v1.18 At begin shipout hook (HO)
Package: refcount 2016/05/16 v3.5 Data extraction from label references (HO)
Package: hycolor 2016/05/16 v1.8 Color options for hyperref/bookmark (HO)
)
(c:/Users/hedgi/AppData/Roaming/TinyTeX/texmf-dist/tex/latex/oberdiek/auxhook.s
ty
Package: auxhook 2016/05/16 v1.4 Hooks for auxiliary files (HO)
)
(c:/Users/hedgi/AppData/Roaming/TinyTeX/texmf-dist/tex/latex/oberdiek/kvoptions
.sty
Package: kvoptions 2016/05/16 v3.12 Key value format for package options (HO)
)
\@linkdim=\dimen156
\Hy@linkcounter=\count274
\Hy@pagecounter=\count275

(c:/Users/hedgi/AppData/Roaming/TinyTeX/texmf-dist/tex/latex/hyperref/pd1enc.de
f
File: pd1enc.def 2018/11/30 v6.88e Hyperref: PDFDocEncoding definition (HO)
)
\Hy@SavedSpaceFactor=\count276

(c:/Users/hedgi/AppData/Roaming/TinyTeX/texmf-dist/tex/latex/latexconfig/hyperr
ef.cfg
File: hyperref.cfg 2002/06/06 v1.2 hyperref configuration of TeXLive
)
Package hyperref Info: Hyper figures OFF on input line 4519.
Package hyperref Info: Link nesting OFF on input line 4524.
Package hyperref Info: Hyper index ON on input line 4527.
Package hyperref Info: Plain pages OFF on input line 4534.
Package hyperref Info: Backreferencing OFF on input line 4539.
Package hyperref Info: Implicit mode ON; LaTeX internals redefined.
Package hyperref Info: Bookmarks ON on input line 4772.
\c@Hy@tempcnt=\count277
(c:/Users/hedgi/AppData/Roaming/TinyTeX/texmf-dist/tex/latex/url/url.sty
\Urlmuskip=\muskip17
Package: url 2013/09/16  ver 3.4  Verb mode for urls, etc.
)
LaTeX Info: Redefining \url on input line 5125.
\XeTeXLinkMargin=\dimen157
\Fld@menulength=\count278
\Field@Width=\dimen158
\Fld@charsize=\dimen159
Package hyperref Info: Hyper figures OFF on input line 6380.
Package hyperref Info: Link nesting OFF on input line 6385.
Package hyperref Info: Hyper index ON on input line 6388.
Package hyperref Info: backreferencing OFF on input line 6395.
Package hyperref Info: Link coloring OFF on input line 6400.
Package hyperref Info: Link coloring with OCG OFF on input line 6405.
Package hyperref Info: PDF/A mode OFF on input line 6410.
LaTeX Info: Redefining \ref on input line 6450.
LaTeX Info: Redefining \pageref on input line 6454.
\Hy@abspage=\count279
\c@Item=\count280
\c@Hfootnote=\count281
)
Package hyperref Info: Driver (autodetected): hxetex.

(c:/Users/hedgi/AppData/Roaming/TinyTeX/texmf-dist/tex/latex/hyperref/hxetex.de
f
File: hxetex.def 2018/11/30 v6.88e Hyperref driver for XeTeX

(c:/Users/hedgi/AppData/Roaming/TinyTeX/texmf-dist/tex/latex/hyperref/puenc.def
File: puenc.def 2018/11/30 v6.88e Hyperref: PDF Unicode definition (HO)
)
(c:/Users/hedgi/AppData/Roaming/TinyTeX/texmf-dist/tex/generic/oberdiek/stringe
nc.sty
Package: stringenc 2016/05/16 v1.11 Convert strings between diff. encodings (HO
)
)
\pdfm@box=\box47
\c@Hy@AnnotLevel=\count282
\HyField@AnnotCount=\count283
\Fld@listcount=\count284
\c@bookmark@seq@number=\count285

(c:/Users/hedgi/AppData/Roaming/TinyTeX/texmf-dist/tex/latex/oberdiek/rerunfile
check.sty
Package: rerunfilecheck 2016/05/16 v1.8 Rerun checks for auxiliary files (HO)
Package uniquecounter Info: New unique counter `rerunfilecheck' on input line 2
82.
)
\Hy@SectionHShift=\skip52
)
Package hyperref Info: Option `unicode' set `true' on input line 32.
Package hyperref Info: Option `colorlinks' set `true' on input line 32.
Package hyperref Info: Option `breaklinks' set `true' on input line 32.

(c:/Users/hedgi/AppData/Roaming/TinyTeX/texmf-dist/tex/latex/graphics/color.sty
Package: color 2016/07/10 v1.1e Standard LaTeX Color (DPC)

(c:/Users/hedgi/AppData/Roaming/TinyTeX/texmf-dist/tex/latex/graphics-cfg/color
.cfg
File: color.cfg 2016/01/02 v1.6 sample color configuration
)
Package color Info: Driver file: xetex.def on input line 147.

(c:/Users/hedgi/AppData/Roaming/TinyTeX/texmf-dist/tex/latex/graphics-def/xetex
.def
File: xetex.def 2017/06/24 v5.0h Graphics/color driver for xetex
)
(c:/Users/hedgi/AppData/Roaming/TinyTeX/texmf-dist/tex/latex/graphics/dvipsnam.
def
File: dvipsnam.def 2016/06/17 v3.0m Driver-dependent file (DPC,SPQR)
))
(c:/Users/hedgi/AppData/Roaming/TinyTeX/texmf-dist/tex/latex/fancyvrb/fancyvrb.
sty
Package: fancyvrb 2019/01/15
Style option: `fancyvrb' v3.2a <2019/01/15> (tvz)
\FV@CodeLineNo=\count286
\FV@InFile=\read2
\FV@TabBox=\box48
\c@FancyVerbLine=\count287
\FV@StepNumber=\count288
\FV@OutFile=\write3
) (c:/Users/hedgi/AppData/Roaming/TinyTeX/texmf-dist/tex/latex/framed/framed.st
y
Package: framed 2011/10/22 v 0.96: framed or shaded text with page breaks
\OuterFrameSep=\skip53
\fb@frw=\dimen160
\fb@frh=\dimen161
\FrameRule=\dimen162
\FrameSep=\dimen163
)
(c:/Users/hedgi/AppData/Roaming/TinyTeX/texmf-dist/tex/latex/graphics/graphicx.
sty
Package: graphicx 2017/06/01 v1.1a Enhanced LaTeX Graphics (DPC,SPQR)

(c:/Users/hedgi/AppData/Roaming/TinyTeX/texmf-dist/tex/latex/graphics/graphics.
sty
Package: graphics 2017/06/25 v1.2c Standard LaTeX Graphics (DPC,SPQR)
(c:/Users/hedgi/AppData/Roaming/TinyTeX/texmf-dist/tex/latex/graphics/trig.sty
Package: trig 2016/01/03 v1.10 sin cos tan (DPC)
)
(c:/Users/hedgi/AppData/Roaming/TinyTeX/texmf-dist/tex/latex/graphics-cfg/graph
ics.cfg
File: graphics.cfg 2016/06/04 v1.11 sample graphics configuration
)
Package graphics Info: Driver file: xetex.def on input line 99.
)
\Gin@req@height=\dimen164
\Gin@req@width=\dimen165
)
(c:/Users/hedgi/AppData/Roaming/TinyTeX/texmf-dist/tex/latex/oberdiek/grffile.s
ty
Package: grffile 2017/06/30 v1.18 Extended file name support for graphics (HO)
Package grffile Info: Option `multidot' is set to `true'.
Package grffile Info: Option `extendedchars' is set to `false'.
Package grffile Info: Option `space' is set to `true'.
Package grffile Info: \Gin@ii of package `graphicx' fixed on input line 494.
)
(c:/Users/hedgi/AppData/Roaming/TinyTeX/texmf-dist/tex/latex/titling/titling.st
y
Package: titling 2009/09/04 v2.1d maketitle typesetting
\thanksmarkwidth=\skip54
\thanksmargin=\skip55
\droptitle=\skip56
)
(c:/Users/hedgi/AppData/Roaming/TinyTeX/texmf-dist/tex/latex/placeins/placeins.
sty
Package: placeins 2005/04/18  v 2.2
)
(c:/Users/hedgi/AppData/Roaming/TinyTeX/texmf-dist/tex/latex/caption/caption.st
y
Package: caption 2018/10/06 v3.3-154 Customizing captions (AR)

(c:/Users/hedgi/AppData/Roaming/TinyTeX/texmf-dist/tex/latex/caption/caption3.s
ty
Package: caption3 2018/09/12 v1.8c caption3 kernel (AR)
Package caption3 Info: TeX engine: e-TeX on input line 64.
\captionmargin=\dimen166
\captionmargin@=\dimen167
\captionwidth=\dimen168
\caption@tempdima=\dimen169
\caption@indent=\dimen170
\caption@parindent=\dimen171
\caption@hangindent=\dimen172
)
\c@caption@flags=\count289
\c@ContinuedFloat=\count290
Package caption Info: hyperref package is loaded.
)
(c:/Users/hedgi/AppData/Roaming/TinyTeX/texmf-dist/tex/latex/fancyhdr/fancyhdr.
sty
Package: fancyhdr 2019/01/31 v3.10 Extensive control of page headers and footer
s
\f@nch@headwidth=\skip57
\f@nch@O@elh=\skip58
\f@nch@O@erh=\skip59
\f@nch@O@olh=\skip60
\f@nch@O@orh=\skip61
\f@nch@O@elf=\skip62
\f@nch@O@erf=\skip63
\f@nch@O@olf=\skip64
\f@nch@O@orf=\skip65
)
(c:/Users/hedgi/AppData/Roaming/TinyTeX/texmf-dist/tex/latex/setspace/setspace.
sty
Package: setspace 2011/12/19 v6.7a set line spacing
)
(c:/Users/hedgi/AppData/Roaming/TinyTeX/texmf-dist/tex/latex/chngcntr/chngcntr.
sty
Package: chngcntr 2018/04/09 v1.1a change counter resetting
Package chngcntr Info: \counterwithout already defined.
(chngcntr)             Quitting chngcntr on input line 21.
)
(c:/Users/hedgi/AppData/Roaming/TinyTeX/texmf-dist/tex/latex/adjustbox/adjustbo
x.sty
Package: adjustbox 2019/01/04 v1.2 Adjusting TeX boxes (trim, clip, ...)

(c:/Users/hedgi/AppData/Roaming/TinyTeX/texmf-dist/tex/latex/adjustbox/adjcalc.
sty
Package: adjcalc 2012/05/16 v1.1 Provides advanced setlength with multiple back
-ends (calc, etex, pgfmath)
)
(c:/Users/hedgi/AppData/Roaming/TinyTeX/texmf-dist/tex/latex/adjustbox/trimclip
.sty
Package: trimclip 2018/04/08 v1.1 Trim and clip general TeX material

(c:/Users/hedgi/AppData/Roaming/TinyTeX/texmf-dist/tex/latex/collectbox/collect
box.sty
Package: collectbox 2012/05/17 v0.4b Collect macro arguments as boxes
\collectedbox=\box49
)
\tc@llx=\dimen173
\tc@lly=\dimen174
\tc@urx=\dimen175
\tc@ury=\dimen176
Package trimclip Info: Using driver 'tc-xetex.def'.

(c:/Users/hedgi/AppData/Roaming/TinyTeX/texmf-dist/tex/latex/adjustbox/tc-xetex
.def
File: tc-xetex.def 2019/01/04 v2.2 Clipping driver for xetex
))
\adjbox@Width=\dimen177
\adjbox@Height=\dimen178
\adjbox@Depth=\dimen179
\adjbox@Totalheight=\dimen180
\adjbox@pwidth=\dimen181
\adjbox@pheight=\dimen182
\adjbox@pdepth=\dimen183
\adjbox@ptotalheight=\dimen184

(c:/Users/hedgi/AppData/Roaming/TinyTeX/texmf-dist/tex/latex/varwidth/varwidth.
sty
Package: varwidth 2009/03/30 ver 0.92;  Variable-width minipages
\@vwid@box=\box50
\sift@deathcycles=\count291
\@vwid@loff=\dimen185
\@vwid@roff=\dimen186
))
(c:/Users/hedgi/AppData/Roaming/TinyTeX/texmf-dist/tex/latex/booktabs/booktabs.
sty
Package: booktabs 2016/04/27 v1.618033 publication quality tables
\heavyrulewidth=\dimen187
\lightrulewidth=\dimen188
\cmidrulewidth=\dimen189
\belowrulesep=\dimen190
\belowbottomsep=\dimen191
\aboverulesep=\dimen192
\abovetopsep=\dimen193
\cmidrulesep=\dimen194
\cmidrulekern=\dimen195
\defaultaddspace=\dimen196
\@cmidla=\count292
\@cmidlb=\count293
\@aboverulesep=\dimen197
\@belowrulesep=\dimen198
\@thisruleclass=\count294
\@lastruleclass=\count295
\@thisrulewidth=\dimen199
)
(c:/Users/hedgi/AppData/Roaming/TinyTeX/texmf-dist/tex/latex/tools/longtable.st
y
Package: longtable 2014/10/28 v4.11 Multi-page Table package (DPC)+ FMi change
\LTleft=\skip66
\LTright=\skip67
\LTpre=\skip68
\LTpost=\skip69
\LTchunksize=\count296
\LTcapwidth=\dimen256
\LT@head=\box51
\LT@firsthead=\box52
\LT@foot=\box53
\LT@lastfoot=\box54
\LT@cols=\count297
\LT@rows=\count298
\c@LT@tables=\count299
\c@LT@chunks=\count300
\LT@p@ftn=\toks24
)
(c:/Users/hedgi/AppData/Roaming/TinyTeX/texmf-dist/tex/latex/oberdiek/pdflscape
.sty
Package: pdflscape 2016/05/14 v0.11 Display of landscape pages in PDF (HO)

(c:/Users/hedgi/AppData/Roaming/TinyTeX/texmf-dist/tex/latex/graphics/lscape.st
y
Package: lscape 2000/10/22 v3.01 Landscape Pages (DPC)
)
Package pdflscape Info: Auto-detected driver: dvipdfm (xetex) on input line 99.

)
(c:/Users/hedgi/AppData/Roaming/TinyTeX/texmf-dist/tex/latex/epigraph/epigraph.
sty
Package: epigraph 2009/09/02 v1.5c typesetting epigraphs
\beforeepigraphskip=\skip70
\afterepigraphskip=\skip71
\epigraphwidth=\skip72
\epigraphrule=\skip73
)
(c:/Users/hedgi/AppData/Roaming/TinyTeX/texmf-dist/tex/latex/pdfpages/pdfpages.
sty
Package: pdfpages 2017/10/31 v0.5l Insert pages of external PDF documents (AM)
(c:/Users/hedgi/AppData/Roaming/TinyTeX/texmf-dist/tex/latex/base/ifthen.sty
Package: ifthen 2014/09/29 v1.1c Standard LaTeX ifthen package (DPC)
) (c:/Users/hedgi/AppData/Roaming/TinyTeX/texmf-dist/tex/latex/tools/calc.sty
Package: calc 2017/05/25 v4.3 Infix arithmetic (KKT,FJ)
\calc@Acount=\count301
\calc@Bcount=\count302
\calc@Adimen=\dimen257
\calc@Bdimen=\dimen258
\calc@Askip=\skip74
\calc@Bskip=\skip75
LaTeX Info: Redefining \setlength on input line 80.
LaTeX Info: Redefining \addtolength on input line 81.
\calc@Ccount=\count303
\calc@Cskip=\skip76
)
(c:/Users/hedgi/AppData/Roaming/TinyTeX/texmf-dist/tex/latex/eso-pic/eso-pic.st
y
Package: eso-pic 2018/04/12 v2.0h eso-pic (RN)
)
\AM@pagewidth=\dimen259
\AM@pageheight=\dimen260

(c:/Users/hedgi/AppData/Roaming/TinyTeX/texmf-dist/tex/latex/pdfpages/ppxetex.d
ef
File: ppxetex.def 2017/10/31 v0.5l Pdfpages driver for XeTeX (AM)
)
\AM@pagebox=\box55
\AM@global@opts=\toks25
\AM@toc@title=\toks26
\c@AM@survey=\count304
\AM@templatesizebox=\box56
)
(c:/Users/hedgi/AppData/Roaming/TinyTeX/texmf-dist/tex/latex/enumitem/enumitem.
sty
Package: enumitem 2019/02/04 v3.8 Customized lists
\enitkv@toks@=\toks27
\labelindent=\skip77
\enit@outerparindent=\dimen261
\enit@toks=\toks28
\enit@inbox=\box57
\enit@count@id=\count305
\enitdp@description=\count306
)
(c:/Users/hedgi/AppData/Roaming/TinyTeX/texmf-dist/tex/latex/threeparttable/thr
eeparttable.sty
Package: threeparttable 2003/06/13  v 3.0
\@tempboxb=\box58
)
(c:/Users/hedgi/AppData/Roaming/TinyTeX/texmf-dist/tex/latex/appendix/appendix.
sty
Package: appendix 2009/09/02 v1.2b extra appendix facilities
\c@@pps=\count307
\c@@ppsavesec=\count308
\c@@ppsaveapp=\count309
)
(c:/Users/hedgi/AppData/Roaming/TinyTeX/texmf-dist/tex/latex/acronym/acronym.st
y
Package: acronym 2015/03/21 v1.41 Support for acronyms (Tobias Oetiker)

(c:/Users/hedgi/AppData/Roaming/TinyTeX/texmf-dist/tex/latex/bigfoot/suffix.sty
Package: suffix 2006/07/15 1.5a Variant command support
)
(c:/Users/hedgi/AppData/Roaming/TinyTeX/texmf-dist/tex/generic/xstring/xstring.
sty
(c:/Users/hedgi/AppData/Roaming/TinyTeX/texmf-dist/tex/generic/xstring/xstring.
tex
\integerpart=\count310
Invalid UTF-8 byte or sequence at line 35 replaced by U+FFFD.
\decimalpart=\count311
Invalid UTF-8 byte or sequence at line 79 replaced by U+FFFD.
Invalid UTF-8 byte or sequence at line 79 replaced by U+FFFD.
Invalid UTF-8 byte or sequence at line 83 replaced by U+FFFD.
Invalid UTF-8 byte or sequence at line 86 replaced by U+FFFD.
Invalid UTF-8 byte or sequence at line 102 replaced by U+FFFD.
Invalid UTF-8 byte or sequence at line 114 replaced by U+FFFD.
Invalid UTF-8 byte or sequence at line 120 replaced by U+FFFD.
Invalid UTF-8 byte or sequence at line 125 replaced by U+FFFD.
Invalid UTF-8 byte or sequence at line 147 replaced by U+FFFD.
Invalid UTF-8 byte or sequence at line 147 replaced by U+FFFD.
Invalid UTF-8 byte or sequence at line 147 replaced by U+FFFD.
Invalid UTF-8 byte or sequence at line 182 replaced by U+FFFD.
Invalid UTF-8 byte or sequence at line 182 replaced by U+FFFD.
Invalid UTF-8 byte or sequence at line 182 replaced by U+FFFD.
Invalid UTF-8 byte or sequence at line 183 replaced by U+FFFD.
Invalid UTF-8 byte or sequence at line 184 replaced by U+FFFD.
Invalid UTF-8 byte or sequence at line 185 replaced by U+FFFD.
Invalid UTF-8 byte or sequence at line 185 replaced by U+FFFD.
Invalid UTF-8 byte or sequence at line 185 replaced by U+FFFD.
Invalid UTF-8 byte or sequence at line 189 replaced by U+FFFD.
Invalid UTF-8 byte or sequence at line 189 replaced by U+FFFD.
Invalid UTF-8 byte or sequence at line 190 replaced by U+FFFD.
Invalid UTF-8 byte or sequence at line 190 replaced by U+FFFD.
Invalid UTF-8 byte or sequence at line 193 replaced by U+FFFD.
Invalid UTF-8 byte or sequence at line 208 replaced by U+FFFD.
Invalid UTF-8 byte or sequence at line 208 replaced by U+FFFD.
Invalid UTF-8 byte or sequence at line 208 replaced by U+FFFD.
Invalid UTF-8 byte or sequence at line 208 replaced by U+FFFD.
Invalid UTF-8 byte or sequence at line 208 replaced by U+FFFD.
Invalid UTF-8 byte or sequence at line 208 replaced by U+FFFD.
Invalid UTF-8 byte or sequence at line 221 replaced by U+FFFD.
Invalid UTF-8 byte or sequence at line 221 replaced by U+FFFD.
Invalid UTF-8 byte or sequence at line 241 replaced by U+FFFD.
Invalid UTF-8 byte or sequence at line 241 replaced by U+FFFD.
Invalid UTF-8 byte or sequence at line 241 replaced by U+FFFD.
Invalid UTF-8 byte or sequence at line 241 replaced by U+FFFD.
Invalid UTF-8 byte or sequence at line 266 replaced by U+FFFD.
Invalid UTF-8 byte or sequence at line 284 replaced by U+FFFD.
Invalid UTF-8 byte or sequence at line 295 replaced by U+FFFD.
Invalid UTF-8 byte or sequence at line 300 replaced by U+FFFD.
Invalid UTF-8 byte or sequence at line 300 replaced by U+FFFD.
Invalid UTF-8 byte or sequence at line 301 replaced by U+FFFD.
Invalid UTF-8 byte or sequence at line 301 replaced by U+FFFD.
Invalid UTF-8 byte or sequence at line 301 replaced by U+FFFD.
Invalid UTF-8 byte or sequence at line 302 replaced by U+FFFD.
Invalid UTF-8 byte or sequence at line 303 replaced by U+FFFD.
Invalid UTF-8 byte or sequence at line 332 replaced by U+FFFD.
Invalid UTF-8 byte or sequence at line 332 replaced by U+FFFD.
Invalid UTF-8 byte or sequence at line 332 replaced by U+FFFD.
Invalid UTF-8 byte or sequence at line 332 replaced by U+FFFD.
Invalid UTF-8 byte or sequence at line 333 replaced by U+FFFD.
Invalid UTF-8 byte or sequence at line 334 replaced by U+FFFD.
Invalid UTF-8 byte or sequence at line 334 replaced by U+FFFD.
Invalid UTF-8 byte or sequence at line 334 replaced by U+FFFD.
Invalid UTF-8 byte or sequence at line 406 replaced by U+FFFD.
Invalid UTF-8 byte or sequence at line 406 replaced by U+FFFD.
Invalid UTF-8 byte or sequence at line 409 replaced by U+FFFD.
Invalid UTF-8 byte or sequence at line 410 replaced by U+FFFD.
Invalid UTF-8 byte or sequence at line 428 replaced by U+FFFD.
Invalid UTF-8 byte or sequence at line 434 replaced by U+FFFD.
Invalid UTF-8 byte or sequence at line 457 replaced by U+FFFD.
Invalid UTF-8 byte or sequence at line 457 replaced by U+FFFD.
Invalid UTF-8 byte or sequence at line 464 replaced by U+FFFD.
Invalid UTF-8 byte or sequence at line 464 replaced by U+FFFD.
Invalid UTF-8 byte or sequence at line 466 replaced by U+FFFD.
Invalid UTF-8 byte or sequence at line 466 replaced by U+FFFD.
Invalid UTF-8 byte or sequence at line 541 replaced by U+FFFD.
Invalid UTF-8 byte or sequence at line 541 replaced by U+FFFD.
Invalid UTF-8 byte or sequence at line 541 replaced by U+FFFD.
Invalid UTF-8 byte or sequence at line 586 replaced by U+FFFD.
Invalid UTF-8 byte or sequence at line 586 replaced by U+FFFD.
Invalid UTF-8 byte or sequence at line 588 replaced by U+FFFD.
Invalid UTF-8 byte or sequence at line 588 replaced by U+FFFD.
Invalid UTF-8 byte or sequence at line 595 replaced by U+FFFD.
Invalid UTF-8 byte or sequence at line 597 replaced by U+FFFD.
Invalid UTF-8 byte or sequence at line 599 replaced by U+FFFD.
Invalid UTF-8 byte or sequence at line 602 replaced by U+FFFD.
Invalid UTF-8 byte or sequence at line 605 replaced by U+FFFD.
Invalid UTF-8 byte or sequence at line 605 replaced by U+FFFD.
Invalid UTF-8 byte or sequence at line 610 replaced by U+FFFD.
Invalid UTF-8 byte or sequence at line 615 replaced by U+FFFD.
Invalid UTF-8 byte or sequence at line 632 replaced by U+FFFD.
Invalid UTF-8 byte or sequence at line 632 replaced by U+FFFD.
Invalid UTF-8 byte or sequence at line 633 replaced by U+FFFD.
Invalid UTF-8 byte or sequence at line 635 replaced by U+FFFD.
Invalid UTF-8 byte or sequence at line 637 replaced by U+FFFD.
Invalid UTF-8 byte or sequence at line 647 replaced by U+FFFD.
Invalid UTF-8 byte or sequence at line 653 replaced by U+FFFD.
Invalid UTF-8 byte or sequence at line 678 replaced by U+FFFD.
Invalid UTF-8 byte or sequence at line 700 replaced by U+FFFD.
Invalid UTF-8 byte or sequence at line 705 replaced by U+FFFD.
Invalid UTF-8 byte or sequence at line 715 replaced by U+FFFD.
Invalid UTF-8 byte or sequence at line 715 replaced by U+FFFD.
Invalid UTF-8 byte or sequence at line 715 replaced by U+FFFD.
Invalid UTF-8 byte or sequence at line 719 replaced by U+FFFD.
Invalid UTF-8 byte or sequence at line 732 replaced by U+FFFD.
Invalid UTF-8 byte or sequence at line 732 replaced by U+FFFD.
Invalid UTF-8 byte or sequence at line 741 replaced by U+FFFD.
Invalid UTF-8 byte or sequence at line 741 replaced by U+FFFD.
Invalid UTF-8 byte or sequence at line 742 replaced by U+FFFD.
Invalid UTF-8 byte or sequence at line 742 replaced by U+FFFD.
Invalid UTF-8 byte or sequence at line 762 replaced by U+FFFD.
Invalid UTF-8 byte or sequence at line 773 replaced by U+FFFD.
Invalid UTF-8 byte or sequence at line 773 replaced by U+FFFD.
Invalid UTF-8 byte or sequence at line 774 replaced by U+FFFD.
Invalid UTF-8 byte or sequence at line 774 replaced by U+FFFD.
Invalid UTF-8 byte or sequence at line 774 replaced by U+FFFD.
Invalid UTF-8 byte or sequence at line 797 replaced by U+FFFD.
Invalid UTF-8 byte or sequence at line 797 replaced by U+FFFD.
Invalid UTF-8 byte or sequence at line 810 replaced by U+FFFD.
Invalid UTF-8 byte or sequence at line 824 replaced by U+FFFD.
Invalid UTF-8 byte or sequence at line 824 replaced by U+FFFD.
Invalid UTF-8 byte or sequence at line 831 replaced by U+FFFD.
Invalid UTF-8 byte or sequence at line 838 replaced by U+FFFD.
Invalid UTF-8 byte or sequence at line 838 replaced by U+FFFD.
Invalid UTF-8 byte or sequence at line 846 replaced by U+FFFD.
Invalid UTF-8 byte or sequence at line 846 replaced by U+FFFD.
Invalid UTF-8 byte or sequence at line 861 replaced by U+FFFD.
Invalid UTF-8 byte or sequence at line 862 replaced by U+FFFD.
Invalid UTF-8 byte or sequence at line 864 replaced by U+FFFD.
Invalid UTF-8 byte or sequence at line 864 replaced by U+FFFD.
Invalid UTF-8 byte or sequence at line 908 replaced by U+FFFD.
Invalid UTF-8 byte or sequence at line 909 replaced by U+FFFD.
Invalid UTF-8 byte or sequence at line 909 replaced by U+FFFD.
Invalid UTF-8 byte or sequence at line 934 replaced by U+FFFD.
Invalid UTF-8 byte or sequence at line 934 replaced by U+FFFD.
Invalid UTF-8 byte or sequence at line 936 replaced by U+FFFD.
Invalid UTF-8 byte or sequence at line 936 replaced by U+FFFD.
Invalid UTF-8 byte or sequence at line 940 replaced by U+FFFD.
Invalid UTF-8 byte or sequence at line 940 replaced by U+FFFD.
Invalid UTF-8 byte or sequence at line 962 replaced by U+FFFD.
Invalid UTF-8 byte or sequence at line 962 replaced by U+FFFD.
Invalid UTF-8 byte or sequence at line 964 replaced by U+FFFD.
Invalid UTF-8 byte or sequence at line 965 replaced by U+FFFD.
Invalid UTF-8 byte or sequence at line 1006 replaced by U+FFFD.
)
Package: xstring 2019/02/06 v1.83 String manipulations (CT)
)
\AC@clearlist=\toks29
) (c:/Users/hedgi/AppData/Roaming/TinyTeX/texmf-dist/tex/latex/float/float.sty
Package: float 2001/11/08 v1.3d Float enhancements (AL)
\c@float@type=\count312
\float@exts=\toks30
\float@box=\box59
\@float@everytoks=\toks31
\@floatcapt=\box60
) (c:/Users/hedgi/AppData/Roaming/TinyTeX/texmf-dist/tex/latex/base/inputenc.st
y
Package: inputenc 2018/08/11 v1.3c Input encoding file
\inpenc@prehook=\toks32
\inpenc@posthook=\toks33

Package inputenc Warning: inputenc package ignored with utf8 based engines.

) (c:/Users/hedgi/AppData/Roaming/TinyTeX/texmf-dist/tex/latex/xcolor/xcolor.st
y
Package: xcolor 2016/05/11 v2.12 LaTeX color extensions (UK)

(c:/Users/hedgi/AppData/Roaming/TinyTeX/texmf-dist/tex/latex/graphics-cfg/color
.cfg
File: color.cfg 2016/01/02 v1.6 sample color configuration
)
Package xcolor Info: Driver file: xetex.def on input line 225.

(c:/Users/hedgi/AppData/Roaming/TinyTeX/texmf-dist/tex/latex/colortbl/colortbl.
sty
Package: colortbl 2018/12/12 v1.0d Color table columns (DPC)
(c:/Users/hedgi/AppData/Roaming/TinyTeX/texmf-dist/tex/latex/tools/array.sty
Package: array 2018/12/30 v2.4k Tabular extension package (FMi)
\col@sep=\dimen262
\ar@mcellbox=\box61
\extrarowheight=\dimen263
\NC@list=\toks34
\extratabsurround=\skip78
\backup@length=\skip79
\ar@cellbox=\box62
)
\everycr=\toks35
\minrowclearance=\skip80
)
LaTeX Info: Redefining \color on input line 709.
\rownum=\count313
Package xcolor Info: Model `cmy' substituted by `cmy0' on input line 1348.
Package xcolor Info: Model `RGB' extended on input line 1364.
Package xcolor Info: Model `HTML' substituted by `rgb' on input line 1366.
Package xcolor Info: Model `Hsb' substituted by `hsb' on input line 1367.
Package xcolor Info: Model `tHsb' substituted by `hsb' on input line 1368.
Package xcolor Info: Model `HSB' substituted by `hsb' on input line 1369.
Package xcolor Info: Model `Gray' substituted by `gray' on input line 1370.
Package xcolor Info: Model `wave' substituted by `hsb' on input line 1371.
) (./THESIS.aux)
\openout1 = `THESIS.aux'.

LaTeX Font Info:    Checking defaults for OML/cmm/m/it on input line 150.
LaTeX Font Info:    ... okay on input line 150.
LaTeX Font Info:    Checking defaults for T1/cmr/m/n on input line 150.
LaTeX Font Info:    ... okay on input line 150.
LaTeX Font Info:    Checking defaults for OT1/cmr/m/n on input line 150.
LaTeX Font Info:    ... okay on input line 150.
LaTeX Font Info:    Checking defaults for OMS/cmsy/m/n on input line 150.
LaTeX Font Info:    ... okay on input line 150.
LaTeX Font Info:    Checking defaults for TU/lmr/m/n on input line 150.
LaTeX Font Info:    ... okay on input line 150.
LaTeX Font Info:    Checking defaults for OMX/cmex/m/n on input line 150.
LaTeX Font Info:    ... okay on input line 150.
LaTeX Font Info:    Checking defaults for U/cmr/m/n on input line 150.
LaTeX Font Info:    ... okay on input line 150.
LaTeX Font Info:    Checking defaults for TS1/cmr/m/n on input line 150.
LaTeX Font Info:    Try loading font information for TS1+cmr on input line 150.

(c:/Users/hedgi/AppData/Roaming/TinyTeX/texmf-dist/tex/latex/base/ts1cmr.fd
File: ts1cmr.fd 2014/09/29 v2.5h Standard LaTeX font definitions
)
LaTeX Font Info:    ... okay on input line 150.
LaTeX Font Info:    Checking defaults for PD1/pdf/m/n on input line 150.
LaTeX Font Info:    ... okay on input line 150.
LaTeX Font Info:    Checking defaults for PU/pdf/m/n on input line 150.
LaTeX Font Info:    ... okay on input line 150.
LaTeX Info: Redefining \microtypecontext on input line 150.
Package microtype Info: Character protrusion enabled (level 2).
Package microtype Info: Using protrusion set `basicmath'.
Package microtype Info: No adjustment of tracking.
Package microtype Info: No adjustment of spacing.
Package microtype Info: No adjustment of kerning.

(c:/Users/hedgi/AppData/Roaming/TinyTeX/texmf-dist/tex/latex/microtype/mt-Latin
ModernRoman.cfg
File: mt-LatinModernRoman.cfg 2013/03/13 v1.0 microtype config. file: Latin Mod
ern Roman (RS)
)
*geometry* driver: auto-detecting
*geometry* detected driver: xetex
*geometry* verbose mode - [ preamble ] result:
* driver: xetex
* paper: a4paper
* layout: <same size as paper>
* layoutoffset:(h,v)=(0.0pt,0.0pt)
* modes: 
* h-part:(L,W,R)=(113.81102pt, 441.01773pt, 42.67912pt)
* v-part:(T,H,B)=(51.21504pt, 742.61676pt, 51.21504pt)
* \paperwidth=597.50787pt
* \paperheight=845.04684pt
* \textwidth=441.01773pt
* \textheight=742.61676pt
* \oddsidemargin=41.54103pt
* \evensidemargin=41.54103pt
* \topmargin=-58.05495pt
* \headheight=12.0pt
* \headsep=25.0pt
* \topskip=12.0pt
* \footskip=30.0pt
* \marginparwidth=35.0pt
* \marginparsep=10.0pt
* \columnsep=10.0pt
* \skip\footins=10.8pt plus 4.0pt minus 2.0pt
* \hoffset=0.0pt
* \voffset=0.0pt
* \mag=1000
* \@twocolumnfalse
* \@twosidefalse
* \@mparswitchfalse
* \@reversemarginfalse
* (1in=72.27pt=25.4mm, 1cm=28.453pt)

\AtBeginShipoutBox=\box63
Package hyperref Info: Link coloring ON on input line 150.

(c:/Users/hedgi/AppData/Roaming/TinyTeX/texmf-dist/tex/latex/hyperref/nameref.s
ty
Package: nameref 2016/05/21 v2.44 Cross-referencing by name of section

(c:/Users/hedgi/AppData/Roaming/TinyTeX/texmf-dist/tex/generic/oberdiek/gettitl
estring.sty
Package: gettitlestring 2016/05/16 v1.5 Cleanup title references (HO)
)
\c@section@level=\count314
)
LaTeX Info: Redefining \ref on input line 150.
LaTeX Info: Redefining \pageref on input line 150.
LaTeX Info: Redefining \nameref on input line 150.
(./THESIS.out) (./THESIS.out)
\@outlinefile=\write4
\openout4 = `THESIS.out'.

Package caption Info: Begin \AtBeginDocument code.
Package caption Info: float package is loaded.
Package caption Info: longtable package is loaded.

(c:/Users/hedgi/AppData/Roaming/TinyTeX/texmf-dist/tex/latex/caption/ltcaption.
sty
Package: ltcaption 2018/08/26 v1.4-95 longtable captions (AR)
)
Package caption Info: threeparttable package is loaded.
Package caption Info: End \AtBeginDocument code.
File: figures/title-page/Ghlaschu.pdf Graphic file (type pdf)
<use figures/title-page/Ghlaschu.pdf>

(c:/Users/hedgi/AppData/Roaming/TinyTeX/texmf-dist/tex/generic/oberdiek/se-asci
i-print.def
File: se-ascii-print.def 2016/05/16 v1.11 stringenc: Printable ASCII characters

) [1

]

Package Fancyhdr Warning: \fancyhead's `E' option without twoside option is use
less on input line 196.


Package Fancyhdr Warning: \fancyhead's `E' option without twoside option is use
less on input line 196.

[2]

Package Fancyhdr Warning: \fancyhead's `E' option without twoside option is use
less on input line 208.

(./THESIS.toc
LaTeX Font Info:    Try loading font information for OT1+lmr on input line 1.
(c:/Users/hedgi/AppData/Roaming/TinyTeX/texmf-dist/tex/latex/lm/ot1lmr.fd
File: ot1lmr.fd 2009/10/30 v1.6 Font defs for Latin Modern
)
Package microtype Info: Loading generic protrusion settings for font family
(microtype)             `lmr' (encoding: OT1).
(microtype)             For optimal results, create family-specific settings.
(microtype)             See the microtype manual for details.
LaTeX Font Info:    Try loading font information for OML+lmm on input line 1.
(c:/Users/hedgi/AppData/Roaming/TinyTeX/texmf-dist/tex/latex/lm/omllmm.fd
File: omllmm.fd 2009/10/30 v1.6 Font defs for Latin Modern
)
LaTeX Font Info:    Try loading font information for OMS+lmsy on input line 1.
(c:/Users/hedgi/AppData/Roaming/TinyTeX/texmf-dist/tex/latex/lm/omslmsy.fd
File: omslmsy.fd 2009/10/30 v1.6 Font defs for Latin Modern
)
LaTeX Font Info:    Try loading font information for OMX+lmex on input line 1.
(c:/Users/hedgi/AppData/Roaming/TinyTeX/texmf-dist/tex/latex/lm/omxlmex.fd
File: omxlmex.fd 2009/10/30 v1.6 Font defs for Latin Modern
)
LaTeX Font Info:    External font `lmex10' loaded for size
(Font)              <12> on input line 1.
LaTeX Font Info:    External font `lmex10' loaded for size
(Font)              <8> on input line 1.
LaTeX Font Info:    External font `lmex10' loaded for size
(Font)              <6> on input line 1.
LaTeX Font Info:    Try loading font information for U+msa on input line 1.
(c:/Users/hedgi/AppData/Roaming/TinyTeX/texmf-dist/tex/latex/amsfonts/umsa.fd
File: umsa.fd 2013/01/14 v3.01 AMS symbols A
)
(c:/Users/hedgi/AppData/Roaming/TinyTeX/texmf-dist/tex/latex/microtype/mt-msa.c
fg
File: mt-msa.cfg 2006/02/04 v1.1 microtype config. file: AMS symbols (a) (RS)
)
LaTeX Font Info:    Try loading font information for U+msb on input line 1.
(c:/Users/hedgi/AppData/Roaming/TinyTeX/texmf-dist/tex/latex/amsfonts/umsb.fd
File: umsb.fd 2013/01/14 v3.01 AMS symbols B
)
(c:/Users/hedgi/AppData/Roaming/TinyTeX/texmf-dist/tex/latex/microtype/mt-msb.c
fg
File: mt-msb.cfg 2005/06/01 v1.0 microtype config. file: AMS symbols (b) (RS)
) [3

]

Package Fancyhdr Warning: \headheight is too small (12.0pt): 
Make it at least 14.49998pt.
We now make it that large for the rest of the document.
This may cause the page layout to be inconsistent, however.

[4] [5] [6])
\tf@toc=\write5
\openout5 = `THESIS.toc'.

[7]

Package Fancyhdr Warning: \fancyhead's `E' option without twoside option is use
less on input line 213.

(./THESIS.lot [8

])
\tf@lot=\write6
\openout6 = `THESIS.lot'.

[9]

Package Fancyhdr Warning: \fancyhead's `E' option without twoside option is use
less on input line 219.

(./THESIS.lof [10

]
Underfull \hbox (badness 3482) in paragraph at lines 34--34
 [][] [][][]\TU/lmr/m/n/12 Sociodemographic distribution of individuals with at
 least one 
 []


Underfull \hbox (badness 3482) in paragraph at lines 35--35
 [][] [][][]\TU/lmr/m/n/12 Sociodemogrpahic distribution of indiviudals with at
 least one 
 []

)
\tf@lof=\write7
\openout7 = `THESIS.lof'.

[11]

Package Fancyhdr Warning: \fancyhead's `E' option without twoside option is use
less on input line 227.

[12]

Package Fancyhdr Warning: \fancyhead's `E' option without twoside option is use
less on input line 282.

[13]

Package Fancyhdr Warning: \fancyhead's `E' option without twoside option is use
less on input line 298.

(./04_acro_list.tex [14] [15]) [16]

Package Fancyhdr Warning: \fancyhead's `E' option without twoside option is use
less on input line 307.


Package Fancyhdr Warning: \fancyfoot's `E' option without twoside option is use
less on input line 308.


Package Fancyhdr Warning: \fancyfoot's `E' option without twoside option is use
less on input line 309.

Chapter 1.
[17

] [18] [19] [20] [21] [22]
Chapter 2.
[23

] [24] [25] [26]
File: figures/chapter-lit-review/valderas.pdf Graphic file (type pdf)
<use figures/chapter-lit-review/valderas.pdf>

LaTeX Warning: `h' float specifier changed to `ht'.

[27] [28] [29] [30] [31] [32] [33] [34] [35] [36] [37] [38] [39] [40] [41]
Overfull \hbox (21.9547pt too wide) in paragraph at lines 1437--1438
 [][] 
 []

[42] [43] [44]
File: figures/chapter-lit-review/oecd-comparison.pdf Graphic file (type pdf)
<use figures/chapter-lit-review/oecd-comparison.pdf>
LaTeX Font Info:    External font `lmex10' loaded for size
(Font)              <10.95> on input line 1592.
[45] [46] [47] [48] [49] [50]
Overfull \hbox (0.14845pt too wide) in paragraph at lines 1860--1869
\TU/lmr/m/n/12 Other Services (Scottish-Government, 2016a). Spending allocation
 for social care comes
 []

[51] [52] [53] [54] [55] [56] [57] [58] [59] [60] [61] [62] [63] [64] [65] [66]

LaTeX Warning: `h' float specifier changed to `ht'.

[67] [68] [69] [70] [71] [72]
Chapter 3.
[73

] [74] [75] [76] [77] [78] [79] [80] [81] [82]

LaTeX Warning: No positions in optional float specifier.
               Default added (so using `tbp') on input line 3263.

[83] [84] [85]
File: figures/chapter-methods/linkage_diagram.pdf Graphic file (type pdf)
<use figures/chapter-methods/linkage_diagram.pdf>

LaTeX Warning: Float too large for page by 1.2247pt on input line 3350.

[86] [87


]

LaTeX Warning: No positions in optional float specifier.
               Default added (so using `tbp') on input line 3449.

[88] [89] [90] [91] [92]

Package xcolor Warning: Incompatible color definition on input line 3734.

LaTeX Font Info:    Font shape `TU/lmtt/bx/n' in size <12> not available
(Font)              Font shape `TU/lmtt/b/n' tried instead on input line 3737.

Package xcolor Warning: Incompatible color definition on input line 3764.


Package xcolor Warning: Incompatible color definition on input line 3764.


Package xcolor Warning: Incompatible color definition on input line 3764.

[93]

Package xcolor Warning: Incompatible color definition on input line 3764.


Package xcolor Warning: Incompatible color definition on input line 3764.

[94] [95]

Package xcolor Warning: Incompatible color definition on input line 3884.


Package xcolor Warning: Incompatible color definition on input line 3915.


Package xcolor Warning: Incompatible color definition on input line 3915.


Overfull \vbox (2.68433pt too high) detected at line 3915
 []


Package xcolor Warning: Incompatible color definition on input line 3915.

[96]

Package xcolor Warning: Incompatible color definition on input line 3915.


Package xcolor Warning: Incompatible color definition on input line 3915.

File: data/produced_data/methods-chpt/timeline.png Graphic file (type bmp)
<data/produced_data/methods-chpt/timeline.png>

LaTeX Warning: `h' float specifier changed to `ht'.

[97] [98]
Chapter 4.
[99

]
File: figures/chapter-renf/SCS-collection.pdf Graphic file (type pdf)
<use figures/chapter-renf/SCS-collection.pdf>

LaTeX Warning: `h' float specifier changed to `ht'.

[100] [101] [102]
File: figures/chapter-renf/renf-timeline.pdf Graphic file (type pdf)
<use figures/chapter-renf/renf-timeline.pdf>
[103] [104]

LaTeX Warning: `h' float specifier changed to `ht'.

[105]
File: figures/chapter-renf/01_weekly_count_plot.pdf Graphic file (type pdf)
<use figures/chapter-renf/01_weekly_count_plot.pdf>

LaTeX Warning: `h' float specifier changed to `ht'.

[106]
File: figures/chapter-renf/01_total_care.pdf Graphic file (type pdf)
<use figures/chapter-renf/01_total_care.pdf>

LaTeX Warning: `h' float specifier changed to `ht'.

File: figures/chapter-renf/01a_total_q4_care.pdf Graphic file (type pdf)
<use figures/chapter-renf/01a_total_q4_care.pdf>

LaTeX Warning: `h' float specifier changed to `ht'.

[107] [108]
File: figures/chapter-renf/02_age_sex.pdf Graphic file (type pdf)
<use figures/chapter-renf/02_age_sex.pdf>
File: figures/chapter-renf/03_type_plot.pdf Graphic file (type pdf)
<use figures/chapter-renf/03_type_plot.pdf>

LaTeX Warning: `h' float specifier changed to `ht'.

[109

]
File: figures/chapter-renf/04_dur_1.pdf Graphic file (type pdf)
<use figures/chapter-renf/04_dur_1.pdf>

LaTeX Warning: `h' float specifier changed to `ht'.

File: figures/chapter-renf/05_type_dur_plot.pdf Graphic file (type pdf)
<use figures/chapter-renf/05_type_dur_plot.pdf>

LaTeX Warning: `h' float specifier changed to `ht'.

[110] [111]
File: figures/chapter-renf/07_overall_hrs_plot.pdf Graphic file (type pdf)
<use figures/chapter-renf/07_overall_hrs_plot.pdf>
File: figures/chapter-renf/08_type_hrs_plot.pdf Graphic file (type pdf)
<use figures/chapter-renf/08_type_hrs_plot.pdf>

LaTeX Warning: `h' float specifier changed to `ht'.

[112

] [113] [114] [115] [116]
Chapter 5.
LaTeX Font Info:    External font `lmex10' loaded for size
(Font)              <10> on input line 4737.
LaTeX Font Info:    External font `lmex10' loaded for size
(Font)              <7> on input line 4737.
LaTeX Font Info:    External font `lmex10' loaded for size
(Font)              <5> on input line 4737.

LaTeX Warning: `h' float specifier changed to `ht'.

[117

]

LaTeX Warning: No positions in optional float specifier.
               Default added (so using `tbp') on input line 4769.

File: figures/chapter-results-1/02_age_sex_plot.pdf Graphic file (type pdf)
<use figures/chapter-results-1/02_age_sex_plot.pdf>
[118]
File: figures/chapter-results-1/03_deaths_plot.pdf Graphic file (type pdf)
<use figures/chapter-results-1/03_deaths_plot.pdf>

LaTeX Warning: `h' float specifier changed to `ht'.

[119]
File: figures/chapter-results-1/04_la_count.pdf Graphic file (type pdf)
<use figures/chapter-results-1/04_la_count.pdf>

LaTeX Warning: `h' float specifier changed to `ht'.

[120]
File: figures/chapter-results-1/10_total_meds_hist_2.pdf Graphic file (type pdf
)
<use figures/chapter-results-1/10_total_meds_hist_2.pdf>

LaTeX Warning: `h' float specifier changed to `ht'.

[121]
File: figures/chapter-results-1/combined_meds_plot.pdf Graphic file (type pdf)
<use figures/chapter-results-1/combined_meds_plot.pdf>
File: figures/chapter-results-1/meds_simd_age_plot.pdf Graphic file (type pdf)
<use figures/chapter-results-1/meds_simd_age_plot.pdf>

LaTeX Warning: `h' float specifier changed to `ht'.

[122]
File: figures/chapter-results-1/08_pis_group_plot.pdf Graphic file (type pdf)
<use figures/chapter-results-1/08_pis_group_plot.pdf>

LaTeX Warning: `h' float specifier changed to `ht'.


LaTeX Warning: Reference `ch:res-3' on page 123 undefined on input line 4881.


LaTeX Warning: No positions in optional float specifier.
               Default added (so using `tbp') on input line 4883.

[123] [124]

LaTeX Warning: `h' float specifier changed to `ht'.

[125]
File: figures/chapter-results-1/06_age_sex_simd_plot.pdf Graphic file (type pdf
)
<use figures/chapter-results-1/06_age_sex_simd_plot.pdf>
[126]
File: figures/chapter-results-1/05_simd_la.pdf Graphic file (type pdf)
<use figures/chapter-results-1/05_simd_la.pdf>
[127]
File: figures/chapter-results-1/13_comb_3.pdf Graphic file (type pdf)
<use figures/chapter-results-1/13_comb_3.pdf>
File: figures/chapter-results-1/heatmap_1.pdf Graphic file (type pdf)
<use figures/chapter-results-1/heatmap_1.pdf>

LaTeX Warning: `h' float specifier changed to `ht'.

[128]
File: figures/chapter-results-1/heatmap_2.pdf Graphic file (type pdf)
<use figures/chapter-results-1/heatmap_2.pdf>
File: figures/chapter-results-1/13_comb_1.pdf Graphic file (type pdf)
<use figures/chapter-results-1/13_comb_1.pdf>
[129]
File: figures/chapter-results-1/heatmap_3.pdf Graphic file (type pdf)
<use figures/chapter-results-1/heatmap_3.pdf>
File: figures/chapter-results-1/heatmap_4.pdf Graphic file (type pdf)
<use figures/chapter-results-1/heatmap_4.pdf>
[130] [131]
Chapter 6.
[132

]

Package xcolor Warning: Incompatible color definition on input line 5240.


Package xcolor Warning: Incompatible color definition on input line 5250.


Package xcolor Warning: Incompatible color definition on input line 5250.


LaTeX Warning: `h' float specifier changed to `ht'.


LaTeX Warning: `h' float specifier changed to `ht'.

[133] [134]
File: figures/chapter-results-2/sc_model_25_or_plot.pdf Graphic file (type pdf)

<use figures/chapter-results-2/sc_model_25_or_plot.pdf>

LaTeX Warning: `h' float specifier changed to `ht'.

File: figures/chapter-results-2/sc_model_25_AME_plot.pdf Graphic file (type pdf
)
<use figures/chapter-results-2/sc_model_25_AME_plot.pdf>

LaTeX Warning: `h' float specifier changed to `ht'.


LaTeX Warning: `h' float specifier changed to `ht'.

[135]

LaTeX Warning: No positions in optional float specifier.
               Default added (so using `tbp') on input line 5478.

File: figures/chapter-results-2/sc_model_25_council_APE_plot.pdf Graphic file (
type pdf)
<use figures/chapter-results-2/sc_model_25_council_APE_plot.pdf>
[136]

LaTeX Warning: `h' float specifier changed to `ht'.

[137] [138] [139]

LaTeX Warning: `h' float specifier changed to `ht'.


LaTeX Warning: `h' float specifier changed to `ht'.

[140

] [141]
File: figures/chapter-results-2/sc_model_24_AME_plot.pdf Graphic file (type pdf
)
<use figures/chapter-results-2/sc_model_24_AME_plot.pdf>

LaTeX Warning: No positions in optional float specifier.
               Default added (so using `tbp') on input line 5653.

[142

]
File: figures/chapter-results-2/sc_model_24_council_APE_plot.pdf Graphic file (
type pdf)
<use figures/chapter-results-2/sc_model_24_council_APE_plot.pdf>
[143] [144]

Package xcolor Warning: Incompatible color definition on input line 5756.


Package xcolor Warning: Incompatible color definition on input line 5768.


Package xcolor Warning: Incompatible color definition on input line 5768.

[145]

LaTeX Warning: Reference `' on page 146 undefined on input line 5839.

File: figures/chapter-results-3/adm_model_3_AME_plot.pdf Graphic file (type pdf
)
<use figures/chapter-results-3/adm_model_3_AME_plot.pdf>

LaTeX Warning: `h' float specifier changed to `ht'.

[146] [147] [148]
Chapter 7.
[149

] [150] [151]

LaTeX Warning: Reference `ch:lit-rv' on page 152 undefined on input line 6145.

[152] [153] [154] [155]
Chapter 8.
[156

] [157


]
File: data/assets/pbpp.pdf Graphic file (type pdf)
<use data/assets/pbpp.pdf>
File: data/assets/pbpp.pdf Graphic file (type pdf)
<use data/assets/pbpp.pdf>
File: data/assets/pbpp.pdf Graphic file (type pdf)
<use data/assets/pbpp.pdf, page 1>
File: data/assets/pbpp.pdf Graphic file (type pdf)
<use data/assets/pbpp.pdf, page 1>
[158

]
File: data/assets/pbpp.pdf Graphic file (type pdf)
<use data/assets/pbpp.pdf, page 1>
File: data/assets/pbpp.pdf Graphic file (type pdf)
<use data/assets/pbpp.pdf, page 1>
File: data/assets/pbpp.pdf Graphic file (type pdf)
<use data/assets/pbpp.pdf, page 1>
[159] [160

] [161] [162] [163] [164] [165]
File: data/assets/renf-ethics.pdf Graphic file (type pdf)
<use data/assets/renf-ethics.pdf>
File: data/assets/renf-ethics.pdf Graphic file (type pdf)
<use data/assets/renf-ethics.pdf>
File: data/assets/renf-ethics.pdf Graphic file (type pdf)
<use data/assets/renf-ethics.pdf, page 1>
File: data/assets/renf-ethics.pdf Graphic file (type pdf)
<use data/assets/renf-ethics.pdf, page 1>
[166

]
File: data/assets/renf-ethics.pdf Graphic file (type pdf)
<use data/assets/renf-ethics.pdf, page 1>
File: data/assets/renf-ethics.pdf Graphic file (type pdf)
<use data/assets/renf-ethics.pdf, page 1>
File: data/assets/renf-ethics.pdf Graphic file (type pdf)
<use data/assets/renf-ethics.pdf, page 1>
[167] [168

] [169

] [170] [171]
File: figures/chapter-results-2/sc_model_25_simd_plot.pdf Graphic file (type pd
f)
<use figures/chapter-results-2/sc_model_25_simd_plot.pdf>
File: figures/chapter-results-2/sc_model_24_or_plot.pdf Graphic file (type pdf)

<use figures/chapter-results-2/sc_model_24_or_plot.pdf>

LaTeX Warning: `h' float specifier changed to `ht'.

[172

] [173] [174

] [175] [176]
File: figures/chapter-results-3/adm_model_3_or_plot.pdf Graphic file (type pdf)

<use figures/chapter-results-3/adm_model_3_or_plot.pdf>
[177

] [178

] [179] [180]
File: figures/chapter-results-3/adm_model_3_simd_plot.pdf Graphic file (type pd
f)
<use figures/chapter-results-3/adm_model_3_simd_plot.pdf>
[181

]
Underfull \hbox (badness 1931) in paragraph at lines 6752--6755
[]\TU/lmr/m/n/12 Acheson, D. and Barker, D. (1998) \TU/lmr/m/it/12 Independent 
inquiry into inequalities in
 []


Underfull \hbox (badness 1910) in paragraph at lines 6752--6755
\TU/lmr/m/it/12 health\TU/lmr/m/n/12 . Report. Available at: [][]$[][][][][] []
 [] [] [][][] [] [][][] [] [][] [] [][][][][][][][][][] [] [][][][][][][][][][]
[][] []
 []

[182


]
Underfull \hbox (badness 10000) in paragraph at lines 6831--6834
[][]$[][][][] [] [] [] [][][] [] [][][][][][][][][][][][][][][] [] [][][] [] []
[] [] [][][][][][][] [] [][][][] [] [][][][][][] [] [][][][] [] [][] [] [][][][
][][] [] [][][][][][] []
 []


Underfull \hbox (badness 10000) in paragraph at lines 6836--6839
\TU/lmr/m/n/12 Available at: [][]$[][][][] [] [] [] [][][] [] [][][][][][][][][
][][][][][][] [] [][][] [] [][] [] [][][][][][][] [] [][][][] [] [][][][][][] [
] [][][][] [] [][] []
 []


Overfull \hbox (123.3066pt too wide) in paragraph at lines 6856--6859
\TU/lmr/m/n/12 Available at: [][]$[][][][] [] [] [] [][][] [] [][][][][][][][][
][][][][][][] [] [][][] [] [][] [] [][][][][][] [] [][][][][][][][][][][][][][]
[][][][][][][][][][][][][][][][][][][][][][][][][][][][][][][][][][][][][][][][
][][][][][][]$[][]. 
 []


Overfull \hbox (93.33063pt too wide) in paragraph at lines 6861--6865
[][][] [] [][] [] [][][][][][] [] [][][][][][][][][][][][][][][][][][][][][][][
][][][][][][][][][][][][][][][][][][][][][][][][][][][][][][][][][][][][][][][]
[][][][][][][][][][][][][][][][][][][][][][][][][][][][][][][][][][][][][][][][
][][][]$[][]\TU/lmr/m/n/12 . 
 []

[183]
Underfull \hbox (badness 1810) in paragraph at lines 6923--6926
[]\TU/lmr/m/n/12 BMA (2014) \TU/lmr/m/it/12 What is social care, and how can he
alth services better inte-
 []


Underfull \hbox (badness 1259) in paragraph at lines 6923--6926
\TU/lmr/m/it/12 grate with it? \TU/lmr/m/n/12 Report. Available at: [][]$[][][]
[] [] [] [] [][] [] [][][][][][] [] [][][][][][][][] [] [][][][][][][][][] []
 []


Overfull \hbox (38.24255pt too wide) in paragraph at lines 6928--6932
[][][][][][][] [] [][][][][] [] [][][][][][][][] [] [][][][][][][][][][][][][][
][][][][][][][][][][][][][][][][][][][][][][][][][][][][][][][][][][][][][][][]
[][][][][][][][][][][][][][][][][][][][][][][][][][][][][] []
 []

[184]
Underfull \hbox (badness 3965) in paragraph at lines 6934--6938
\TU/lmr/m/n/12 Available at: [][]$[][][][][] [] [] [] [][][] [] [][][][][][][][
][] [] [][][] [] [][][][] [] [][][][][][][][] [] [][][][][][][][][][][][][][][]
[][][][][][][][][][][][][] []
 []


Underfull \hbox (badness 10000) in paragraph at lines 6934--6938
[][][][][][][] [] [][][][][][][][][][][][][][][][][][][][][][][][][][][][][][][
][][][][][][][][][][][][][][][][][][][][][][][][][][][][][][][][][][][][][][][]
[][][][][][][][][][][] []
 []


Underfull \hbox (badness 1173) in paragraph at lines 6956--6961
[]\TU/lmr/m/n/12 Brimblecombe, N., Pickard, L. and King, D. \TU/lmr/m/it/12 et 
al. \TU/lmr/m/n/12 (2018) Barriers to re-
 []


Underfull \hbox (badness 1152) in paragraph at lines 6956--6961
\TU/lmr/m/n/12 ceipt of social care services for working carers and the people 
they care for
 []


Underfull \hbox (badness 1803) in paragraph at lines 6956--6961
\TU/lmr/m/n/12 able at: [][]$[][][][][] [] [] [] [][][] [] [][][][][][][][][] [
] [][][] [] [][][][] [] [][][][][][][][] [] [][][][][][][][][][][][][][][][][][
][][][][][][][][][] [] [][][][][][][] []
 []


Overfull \hbox (131.16261pt too wide) in paragraph at lines 6956--6961
[][][][][][][][][][][][][][][][][][][][][][][][][][][][][][][][][][][][][][][][
][][][][][][][][][][][][][][][][][][][][][][][][][][][][][][][][][][][][][][][]
[][][][][][][][][][][][][][][][][][][][][][][][][][][][][][][][][][][][][][][][
][][][][][][][][][][][][][] []
 []


Overfull \hbox (182.06268pt too wide) in paragraph at lines 6963--6967
[][][][][][][][][][][][][][][][][][][][][][][][][][][] [] [][][][][][][] [] [][
][][][][][][][][][][][][][][][][][][][][][][][][][][][][][][][][][][][][][][][]
[][][][][][][][][][][][][][][][][][][][][][][][][][][][][][][][][][][][][][][][
][][][][][][][][][][][][][][][] []
 []


Underfull \hbox (badness 1460) in paragraph at lines 6975--6978
\TU/lmr/m/it/12 ternational comparisons\TU/lmr/m/n/12 . Report. Available at: [
][]$[][][][] [] [] [] [][][] [] [][][][][][][][][][] [] [][][][] []
 []

[185]
Underfull \hbox (badness 1406) in paragraph at lines 6990--6993
[]\TU/lmr/m/n/12 Care, D. of H. and Social (2019) \TU/lmr/m/it/12 Social care -
 charging for care and sup-
 []


Underfull \hbox (badness 3209) in paragraph at lines 6990--6993
\TU/lmr/m/it/12 port\TU/lmr/m/n/12 . Report. Available at: [][]$[][][][][] [] [
] [] [][][] [] [][][] [] [][] [] [][][][][][][][][][] [] [][][][][][][][][][][]
[] []
 []


Overfull \hbox (97.96254pt too wide) in paragraph at lines 7000--7003
\TU/lmr/m/n/12 at: [][]$[][][][][] [] [] [] [][][] [] [][][] [] [][] [] [][][][
][][][][][][] [] [][][][][][][][][][][][] [] [][][][][][][][][][][][][][][][][]
[][][][][][][][][][][][][][][][][][][][][][][][][][][][][][][][][][][][][][][][
][][][]$[][]. 
 []

[186]
Underfull \hbox (badness 2486) in paragraph at lines 7082--7086
[]\TU/lmr/m/n/12 Dilnot, A. (2011) \TU/lmr/m/it/12 Fairer care funding: The rep
ort of the commission on
 []


Underfull \hbox (badness 1552) in paragraph at lines 7082--7086
\TU/lmr/m/it/12 funding of care and support\TU/lmr/m/n/12 . The Stationery Offi
ce. Available at: [][]$[][][][][] []
 []


Underfull \hbox (badness 10000) in paragraph at lines 7082--7086
[] [] [][][][][][][][][][] [] [][][][][][][][][][][][][][][][] [] [][][] [] [][
] [] [][][][][][][][][][][][][][] [] [][][][][] [] [] [] [][][] [] [][] [] [][]
 [] [][][] []
 []

[187]
Underfull \hbox (badness 2460) in paragraph at lines 7137--7141
[]\TU/lmr/m/n/12 Evans, T. (2010) Professionals, managers and discretion: Crit
iquing street-
 []


Underfull \hbox (badness 2521) in paragraph at lines 7137--7141
\TU/lmr/m/n/12 level bureaucracy, \TU/lmr/m/it/12 The British Journal of Socia
l Work\TU/lmr/m/n/12 , 41(2), pp. 368
 []


Underfull \hbox (badness 3872) in paragraph at lines 7137--7141
\TU/lmr/m/n/12 386. Available at: [][]$[][][][][] [] [] [] [][][][][][][][] [] 
[][][] [] [][][] [] [][][][] [] [][][][][][][] [] [][] [] [] [] [][][] [] [][][
][][][][] []
 []


Underfull \hbox (badness 1092) in paragraph at lines 7160--7164
\TU/lmr/m/n/12 Available at: [][]$[][][][] [] [] [] [][][][][][][][][][][][][] 
[] [][][][][] [] [][][] [] [][][] [] [][] [] [][][][] [] [] [] [][][][][][][][]
[][] [] [][][][] [] [][][][][] [] [] []
 []

[188]
Overfull \hbox (56.09456pt too wide) in paragraph at lines 7212--7216
[][][][][][][][][] [] [][][] [] [][][][][][][][][] [] [][][][] [] [][] [] [] []
 [][][][][][][][][][][][][][][][][][][][][][][][][][][][][][][][][][][][][][][]
[][][][][][][][][][][][][][][][][][][][][][][][][][] []
 []

[189]
Underfull \hbox (badness 1389) in paragraph at lines 7223--7227
\TU/lmr/m/n/12 sequences of comorbidity: A review, \TU/lmr/m/it/12 Journal of 
clinical epidemiology\TU/lmr/m/n/12 , 54(7),
 []


Underfull \hbox (badness 3029) in paragraph at lines 7223--7227
\TU/lmr/m/n/12 pp. 661674. Available at: [][]$[][][][] [] [] [] [][] [] [][][]
[][][][][] [] [][][] [] [][][][][][][][][][][][][][][][][] [] [][][][][] []
 []


Underfull \hbox (badness 10000) in paragraph at lines 7223--7227
[][][][][][][][][][][][][][][][][][][][][][][][][][] [] [][][] [] [][][][] [] [
][][][][][][][][][][][][][][][][][][][][][][][][][][][][][][][][][][][][][][][]
 []
 []


Underfull \hbox (badness 1888) in paragraph at lines 7268--7271
[]\TU/lmr/m/n/12 Ham, C. (2019) The future of social care, \TU/lmr/m/it/12 BM
J\TU/lmr/m/n/12 , 364:1252. Available at:
 []


Underfull \hbox (badness 10000) in paragraph at lines 7268--7271
[][]$[][][][][] [] [] [] [][][] [] [][][] [] [][][] [] [][][][][][][] [] [][][]
 [] [][][] [] [][][][] [] [][][][][][][] [] [][][][][] [] [][][][][][][][][][][
][] []
 []


Underfull \hbox (badness 10000) in paragraph at lines 7268--7271
[][][][][][][][][][] [] [][][][][][][][][][][][][][][][][][][][][][][][][][][][
][][][][][][][][][][][][][][][][] [] [][][] [] [][][] [] [][][] [] [][] []
 []


Underfull \hbox (badness 10000) in paragraph at lines 7273--7277
\TU/lmr/m/n/12 at: [][]$[][][][][] [] [] [] [][][] [] [][][][][][][][][] [] [][
][] [] [][] [] [][][][][] [] [][][][][][][] [] [][][][][] [] [][][][][] [] [][]
[][][] [] [][][][][][][][][][][] [] [][][][] []
 []

[190] [191]
Overfull \hbox (363.71303pt too wide) in paragraph at lines 7356--7358
[]\TU/lmr/m/n/12 House-of-Commons (2017) \TU/lmr/m/it/12 Adult social care\TU/l
mr/m/n/12 . Report. Available at: [][]https://www.publications.parliament.uk/pa
/cm201617/cmselect/cmcomloc/1103/1103.pdf[][]. 
 []


Overfull \hbox (15.7305pt too wide) in paragraph at lines 7383--7385
[][][][][][][][][] [] [][][] [] [][] [] [][][][][] [] [][][][][] [] [][] [] [][
][][][] [] [][][][][] [] [][][][][][][][][][][] [] [][][][][][][] [] [][][][][]
[][][][][][][][][][][][][][][][][][][] []
 []


Overfull \hbox (153.17456pt too wide) in paragraph at lines 7401--7404
[][][][][][][][][][][][][][] [] [][][][][][][][][][][][][][][][][][][][][][][][
][][][][][][][][][][][][] [] [][][][] [] [][][][][][][][][][][][][][][][][][][]
[][][][][][][][][][][][][][][][][][][][][][][][][][][][][][][][][][][][][][][][
][] []
 []

[192] [193]
Overfull \hbox (97.74261pt too wide) in paragraph at lines 7515--7518
[][][][][][][][][][][][][][][][][] [] [][][][][] [] [][][][][][][][][][][][][][
][][][][][][][][][][][][] [] [][][] [] [][][][] [] [][][][][][][][][][][][][][]
[][][][][][][][][][][][][][][][][][][][][][][][][][] []
 []

[194]
Underfull \hbox (badness 1742) in paragraph at lines 7556--7560
\TU/lmr/m/n/12 timorbidity: A systematic review of the literature, \TU/lmr/m/i
t/12 Ageing research reviews\TU/lmr/m/n/12 ,
 []


Underfull \hbox (badness 1137) in paragraph at lines 7556--7560
\TU/lmr/m/n/12 10(4), pp. 430439. Available at: [][]$[][][][] [] [] [] [][] []
 [][][][][][][][] [] [][][] [] [][][][][][][][][][][][][][][][][] []
 []


Underfull \hbox (badness 10000) in paragraph at lines 7556--7560
[][][][][] [] [][][][][][][][][][][][][][][][][][][][][][][][][][] [] [][][] []
 [][][][] [] [][][][][][][][][][][][][][][][][][][][][][][][][][][][][][][][][]
[][][][][][][] []
 []


Underfull \hbox (badness 2237) in paragraph at lines 7562--7565
[]\TU/lmr/m/n/12 Marmot, M. (2005) Social determinants of health inequalities
, \TU/lmr/m/it/12 The Lancet\TU/lmr/m/n/12 ,
 []


Underfull \hbox (badness 10000) in paragraph at lines 7562--7565
[][][][][] [] [][][][][][][][][][][][][][][][][][][][][][][][][][] [] [][][] []
 [][][][] [] [][][][][][][][][][][][][][][][][][][][][][][][][][][][][][][][][]
[][][][][][][] []
 []


Overfull \hbox (16.75853pt too wide) in paragraph at lines 7576--7580
[] [] [][][] [] [][][][][][][][][][][][][][][][][][][][][][][] [] [][][] [] [][
][][][][][][] [] [][][][][][][][][][][][][][][][][][][][][][][][][][][][][][][]
[][][][][][][][][][][][][][][][][][][]$[][]\TU/lmr/m/n/12 . 
 []

[195]
Underfull \hbox (badness 10000) in paragraph at lines 7600--7604
\TU/lmr/m/n/12 able at: [][]$[][][][] [] [] [] [][] [] [][][][][][][][][] [] []
[][] [] [][][][][][][][] [] [][][] [] [][][][][][][][][] [] [][][][][][][][] []
 [][][] []
 []


Underfull \hbox (badness 10000) in paragraph at lines 7600--7604
[][][] [] [][][][][] [] [][][] [] [][][][][][][] [] [][][] [] [][][][][][][][][
][][][][][] [] [][][][][][][][][][][][][][][][][][][][] []
 []


Underfull \hbox (badness 10000) in paragraph at lines 7600--7604
[][][][][][][] [] [][][][][][][][][][] [] [][][][][][][][][] [] [][][][][][][][
][][][][][][][][][][][][][][][][][] [] [][][] [] [][] []
 []


Underfull \hbox (badness 10000) in paragraph at lines 7600--7604
[][][][][][][][][][][][][][][][][][][][][][][][][][][][][][] [] [][][][][][] []
 [][] [] [][][][][][][][][][] [] [][][][][] [] [][][] [] [][][][][] [] [][][] [
]
 []

[196]
Underfull \hbox (badness 1661) in paragraph at lines 7666--7669
[]\TU/lmr/m/n/12 Munday, B. (2003) \TU/lmr/m/it/12 European social services: A 
map of characteristics and
 []


Underfull \hbox (badness 10000) in paragraph at lines 7666--7669
[][][][][][][][][] [] [][][][][][][][] [] [][][][][][][][][] [] [][][][][][][][
][][] [] [][][][][][][][][][][][] [] [][][][][][][][] [] [][][] [] [][][][][][]
[] []
 []


Underfull \hbox (badness 1122) in paragraph at lines 7671--7675
\TU/lmr/m/n/12 at: [][]$[][][][][] [] [] [] [][][][][][][][] [] [][][][][][][] 
[] [][][] [] [][][] [] [][][][] [] [][] [] [][][][] [] [][][][][][][][][][][][]
[][][][] [] [][][][] [] [][][][][] []
 []


Overfull \hbox (209.12642pt too wide) in paragraph at lines 7671--7675
[][][][][][][][][][][][][][][][] [] [][][][][][][][][][][][][][][][][][][][][][
][][][][][][][][][][][][][][][][][][][][][][][][][][][][][][][][][][][][][][][]
[][][][][][][][][][][][][][][][]$[][]\TU/lmr/m/n/12 . 
 []

[197]
Underfull \hbox (badness 7326) in paragraph at lines 7720--7723
\TU/lmr/m/n/12 able at: [][]$[][][][][] [] [] [] [][][] [] [][][][][][][][][][]
 [] [][][] [] [][] [] [][][][][] [] [][][][][][][][][][] [] [][][][][][][][][][
][][][][][][][][][][][][][][][][][] []
 []


Underfull \hbox (badness 1960) in paragraph at lines 7729--7731
[]\TU/lmr/m/n/12 NRS (2018a) \TU/lmr/m/it/12 NHS central register (nhscr)\TU/lm
r/m/n/12 . Report. Available at: [][]$[][][][][] []
 []


Underfull \hbox (badness 2088) in paragraph at lines 7733--7735
[]\TU/lmr/m/n/12 NRS (2018b) \TU/lmr/m/it/12 Statutory registers of deaths\TU/l
mr/m/n/12 . Report. Available at: [][]$[][][][][] []
 []


Underfull \hbox (badness 10000) in paragraph at lines 7762--7765
\TU/lmr/m/n/12 at: [][]$[][][][][] [] [] [] [][][] [] [][][] [] [][][] [] [][] 
[] [][][][][][][][][][][][][][][][][][][][][][][][][][][][] [] [][][][][][][][]
[][][][][][][][][][][] []
 []


Underfull \hbox (badness 4505) in paragraph at lines 7767--7771
\TU/lmr/m/n/12 Available at: [][]$[][][][] [] [] [] [][][] [] [][][][] [] [][][
] [] [][] [] [][][][][][] [] [][][][][][][][][][][][][][][][][][][][][][][][][]
[][][][][][][][][][][][] []
 []

[198]
Underfull \hbox (badness 10000) in paragraph at lines 7790--7795
[] [] [][] [] [][][][][][][][] [] [][][] [] [][][][][][][][][][][][][][][][][] 
[] [][][][][] [] [][][][][][][][][][][][][][][][][][][][][][][][][][] [] [][][]
 [] [][][][] []
 []


Overfull \hbox (67.46654pt too wide) in paragraph at lines 7790--7795
[][][][][][][][][][][][][][][][][][][][][][][][][][][][][][][][][][][][][][][][
] [] [][][][][][] [] [][][][][][][][][][] [] [][][][][][][][][][][][][][][][][]
[][][][][][][][][][][][][][][]$[][]\TU/lmr/m/n/12 . 
 []


Underfull \hbox (badness 10000) in paragraph at lines 7819--7822
[][][][][][][][][] [] [][][][][][][] [] [][][][][][][] [] [][][][][][][][][] []
 [][][][][] [] [][][][][][][] [] [][][] [] [][][][][][][][] [] [][][] [] [][][]
[][] []
 []

[199]
Underfull \hbox (badness 1888) in paragraph at lines 7844--7847
\TU/lmr/m/n/12 at: [][]$[][][][] [] [] [] [][][] [] [][][][][][][][][][][][] []
 [][][] [] [][] [] [][][][][] [] [][][][] [] [][][][][][][][][][][][][][][][][]
[][][][][][][][][][] [] [][][] []
 []


Overfull \hbox (95.68658pt too wide) in paragraph at lines 7856--7859
[][][][][][][][][] [] [][][][][][][][][][] [] [][][][] [] [][][][][][][][][][][
][][][][][][][][][][][][][][][][][][][][][][][][][][][][][][][][][][][][][][][]
[][][][][][][][][][][][][][][][][][][][][][][][][][][] []
 []

[200]
Underfull \hbox (badness 5050) in paragraph at lines 7927--7930
\TU/lmr/m/n/12 Available at: [][]$[][][][] [] [] [] [][][] [] [][][] [] [][][][
] [] [][][][][][] [] [][][][][][][][][][] [] [][][][][][][][][][][][][][][][][]
 [] [][][][][] []
 []


Overfull \hbox (49.52652pt too wide) in paragraph at lines 7947--7950
\TU/lmr/m/n/12 Available at: [][]$[][][][] [] [] [] [][][] [] [][][] [] [][][][
] [] [][][][][][] [] [][][][][][] [] [][][][][][] [] [][][][][][][][][][][][][]
[][][][][][][][][][][][][][][][][][][][][][][][][] []
 []

[201]
Overfull \hbox (60.93187pt too wide) in paragraph at lines 7977--7980
\TU/lmr/m/n/12 Report. Available at: [][]$[][][][] [] [] [] [][][] [] [][][] []
 [][][][] [] [][][][][][] [] [][][][][][] [] [][][][][][] [] [][][][][][][][][]
[][][][][][][][][][][][][][][][][][][][][][][][]$[][]. 
 []


Underfull \hbox (badness 10000) in paragraph at lines 8005--8008
[][][][][][][][][][][][][][][][][][][][][] [] [][][][][][][] [] [][][][][][][][
][][][][][][][][][][][] [] [][][][][][][][][][][][][][][][][][][][][][][][][][]
[][][] []
 []


Underfull \hbox (badness 1389) in paragraph at lines 8032--8034
[]\TU/lmr/m/n/12 SILC (2017a) \TU/lmr/m/it/12 Data linkage safeguards\TU/lmr/m/
n/12 . Report. Available at: [][]$[][][][] [] [] [] [][][] []
 []

[202]
Underfull \hbox (badness 10000) in paragraph at lines 8089--8093
[][]$[][][][][] [] [] [] [][][][][][][][][][] [] [][][][][][][][][][][][][][][]
[] [] [][][] [] [][] [] [][][][][][][][][][][][][][] [] [][][][] [] [] [] [][][
] [] [][][][][][][] []
 []

[203]
Underfull \hbox (badness 10000) in paragraph at lines 8117--8121
[][]$[][][][][] [] [] [] [][][] [] [][][][][][][][][] [] [][][] [] [][] [] [][]
[][][] [] [][][][][][][] [] [][][][][] [] [][][][][][][][] [] [][][] [] [][] []
 [][] [] [][][][] [] [][][] []
 []


Underfull \hbox (badness 1132) in paragraph at lines 8134--8138
\TU/lmr/m/n/12 Available at: [][]$[][][][] [] [] [] [][][] [] [][][][][][][][][
][][] [] [][][] [] [][][] [] [][][][] [] [][] [] [][][][] [] [][][][][][][][] [
] [][][][] [] [][][][][][] []
 []


Overfull \hbox (217.50395pt too wide) in paragraph at lines 8140--8143
\TU/lmr/m/n/12 Report. Available at: [][]$[][][][] [] [] [] [][][][] [] [][] []
 [][] [] [][][][][] [] [][][][] [] [][][][][][][][][][][][][][][][][][][][][][]
[][][][][][][][][][][][][][][][][][][][][][][][][][][][][][][][][][][][][][][][
][][][][][][][][][][][][][][][][][][][][][] []
 []

[204]
Underfull \hbox (badness 1048) in paragraph at lines 8220--8224
\TU/lmr/m/it/12 tion across health and social care: Evidence review\TU/lmr/m/n/
12 . Report. Available at:
 []


Underfull \hbox (badness 10000) in paragraph at lines 8220--8224
[][]$[][][][][] [] [] [] [][][] [] [][][][] [] [][] [] [][] [] [][][] [] [][][]
 [] [][][][][][][][][] [] [][][][][][][][][][][][][] [] [][][][][][][][] [] [][
][][][][][][] []
 []

[205] [206]
Package atveryend Info: Empty hook `BeforeClearDocument' on input line 8343.
[207]
Package atveryend Info: Empty hook `AfterLastShipout' on input line 8343.
(./THESIS.aux)
Package atveryend Info: Empty hook `AtVeryEndDocument' on input line 8343.
Package atveryend Info: Executing hook `AtEndAfterFileList' on input line 8343.

Package rerunfilecheck Info: File `THESIS.out' has not changed.
(rerunfilecheck)             Checksum: 621C8446DA0B860C2FE22A5EF273625C.

LaTeX Warning: There were undefined references.

 ) 
Here is how much of TeX's memory you used:
 28974 strings out of 494921
 537226 string characters out of 6176112
 714028 words of memory out of 5000000
 32460 multiletter control sequences out of 15000+600000
 561146 words of font info for 79 fonts, out of 8000000 for 9000
 14 hyphenation exceptions out of 8191
 53i,19n,92p,803b,587s stack positions out of 5000i,500n,10000p,200000b,80000s

Output written on THESIS.pdf (207 pages).
