\BOOKMARK [1][-]{section*.2}{\376\377\000A\000b\000s\000t\000r\000a\000c\000t}{}% 1
\BOOKMARK [1][-]{chapter*.3}{\376\377\000L\000i\000s\000t\000\040\000o\000f\000\040\000T\000a\000b\000l\000e\000s}{}% 2
\BOOKMARK [1][-]{chapter*.4}{\376\377\000L\000i\000s\000t\000\040\000o\000f\000\040\000F\000i\000g\000u\000r\000e\000s}{}% 3
\BOOKMARK [1][-]{section*.6}{\376\377\000A\000c\000a\000d\000e\000m\000i\000c\000\040\000o\000u\000t\000p\000u\000t\000s}{}% 4
\BOOKMARK [1][-]{section*.7}{\376\377\000A\000c\000k\000n\000o\000w\000l\000e\000d\000g\000e\000m\000e\000n\000t\000s}{}% 5
\BOOKMARK [1][-]{section*.8}{\376\377\000D\000e\000c\000l\000a\000r\000a\000t\000i\000o\000n}{}% 6
\BOOKMARK [1][-]{section*.8}{\376\377\000L\000i\000s\000t\000\040\000o\000f\000\040\000A\000b\000b\000r\000e\000v\000i\000a\000t\000i\000o\000n\000s}{}% 7
\BOOKMARK [0][-]{chapter.1}{\376\377\000I\000n\000t\000r\000o\000d\000u\000c\000t\000i\000o\000n}{}% 8
\BOOKMARK [1][-]{section.1.1}{\376\377\000C\000o\000n\000t\000e\000x\000t}{chapter.1}% 9
\BOOKMARK [1][-]{section.1.2}{\376\377\000A\000i\000m\000s}{chapter.1}% 10
\BOOKMARK [1][-]{section.1.3}{\376\377\000R\000e\000s\000e\000a\000r\000c\000h\000\040\000q\000u\000e\000s\000t\000i\000o\000n\000s}{chapter.1}% 11
\BOOKMARK [1][-]{section.1.4}{\376\377\000T\000h\000e\000s\000i\000s\000\040\000s\000t\000r\000u\000c\000t\000u\000r\000e}{chapter.1}% 12
\BOOKMARK [0][-]{chapter.2}{\376\377\000L\000i\000t\000e\000r\000a\000t\000u\000r\000e\000\040\000R\000e\000v\000i\000e\000w}{}% 13
\BOOKMARK [1][-]{section.2.1}{\376\377\000M\000u\000l\000t\000i\000m\000o\000r\000b\000i\000d\000i\000t\000y}{chapter.2}% 14
\BOOKMARK [2][-]{subsection.2.1.1}{\376\377\000C\000o\000n\000t\000e\000x\000t}{section.2.1}% 15
\BOOKMARK [2][-]{subsection.2.1.2}{\376\377\000C\000o\000n\000c\000e\000p\000t\000s\000\040\000a\000n\000d\000\040\000d\000e\000f\000i\000n\000i\000t\000i\000o\000n\000s}{section.2.1}% 16
\BOOKMARK [2][-]{subsection.2.1.3}{\376\377\000M\000e\000a\000s\000u\000r\000e\000m\000e\000n\000t\000\040\000t\000o\000o\000l\000s}{section.2.1}% 17
\BOOKMARK [2][-]{subsection.2.1.4}{\376\377\000M\000u\000l\000t\000i\000m\000o\000r\000b\000i\000d\000i\000t\000y\000\040\000a\000n\000d\000\040\000h\000e\000a\000l\000t\000h\000\040\000i\000n\000e\000q\000u\000a\000l\000i\000t\000i\000e\000s}{section.2.1}% 18
\BOOKMARK [2][-]{subsection.2.1.5}{\376\377\000S\000u\000m\000m\000a\000r\000y}{section.2.1}% 19
\BOOKMARK [1][-]{section.2.2}{\376\377\000S\000o\000c\000i\000a\000l\000\040\000C\000a\000r\000e}{chapter.2}% 20
\BOOKMARK [2][-]{subsection.2.2.1}{\376\377\000C\000o\000n\000t\000e\000x\000t}{section.2.2}% 21
\BOOKMARK [2][-]{subsection.2.2.2}{\376\377\000D\000e\000f\000i\000n\000i\000t\000i\000o\000n\000s}{section.2.2}% 22
\BOOKMARK [2][-]{subsection.2.2.3}{\376\377\000I\000n\000t\000e\000r\000n\000a\000t\000i\000o\000n\000a\000l\000\040\000m\000o\000d\000e\000l\000s\000\040\000o\000f\000\040\000s\000o\000c\000i\000a\000l\000\040\000c\000a\000r\000e}{section.2.2}% 23
\BOOKMARK [2][-]{subsection.2.2.4}{\376\377\000E\000l\000i\000g\000i\000b\000i\000l\000i\000t\000y\000\040\000f\000o\000r\000\040\000s\000o\000c\000i\000a\000l\000\040\000c\000a\000r\000e\000\040\000i\000n\000\040\000t\000h\000e\000\040\000U\000K}{section.2.2}% 24
\BOOKMARK [2][-]{subsection.2.2.5}{\376\377\000R\000e\000s\000o\000u\000r\000c\000e\000\040\000a\000l\000l\000o\000c\000a\000t\000i\000o\000n\000\040\000i\000n\000\040\000S\000c\000o\000t\000l\000a\000n\000d}{section.2.2}% 25
\BOOKMARK [2][-]{subsection.2.2.6}{\376\377\000S\000o\000c\000i\000a\000l\000\040\000t\000h\000e\000o\000r\000y}{section.2.2}% 26
\BOOKMARK [2][-]{subsection.2.2.7}{\376\377\000S\000u\000m\000m\000a\000r\000y}{section.2.2}% 27
\BOOKMARK [1][-]{section.2.3}{\376\377\000H\000e\000a\000l\000t\000h\000\040\000a\000n\000d\000\040\000S\000o\000c\000i\000a\000l\000\040\000C\000a\000r\000e}{chapter.2}% 28
\BOOKMARK [2][-]{subsection.2.3.1}{\376\377\000C\000o\000n\000t\000e\000x\000t}{section.2.3}% 29
\BOOKMARK [2][-]{subsection.2.3.2}{\376\377\000H\000e\000a\000l\000t\000h\000\040\000a\000n\000d\000\040\000s\000o\000c\000i\000a\000l\000\040\000c\000a\000r\000e\000\040\000i\000n\000t\000e\000g\000r\000a\000t\000i\000o\000n}{section.2.3}% 30
\BOOKMARK [2][-]{subsection.2.3.3}{\376\377\000R\000e\000s\000e\000a\000r\000c\000h\000\040\000o\000n\000\040\000h\000e\000a\000l\000t\000h\000\040\000a\000n\000d\000\040\000s\000o\000c\000i\000a\000l\000\040\000c\000a\000r\000e\000\040\000i\000n\000t\000e\000r\000a\000c\000t\000i\000o\000n}{section.2.3}% 31
\BOOKMARK [2][-]{subsection.2.3.4}{\376\377\000S\000u\000m\000m\000a\000r\000y}{section.2.3}% 32
\BOOKMARK [1][-]{section.2.4}{\376\377\000A\000d\000m\000i\000n\000i\000s\000t\000r\000a\000t\000i\000v\000e\000\040\000D\000a\000t\000a\000\040\000L\000i\000n\000k\000a\000g\000e}{chapter.2}% 33
\BOOKMARK [2][-]{subsection.2.4.1}{\376\377\000C\000o\000n\000t\000e\000x\000t}{section.2.4}% 34
\BOOKMARK [2][-]{subsection.2.4.2}{\376\377\000D\000a\000t\000a\000\040\000s\000o\000u\000r\000c\000e\000s\000\040\000i\000n\000\040\000S\000c\000o\000t\000l\000a\000n\000d}{section.2.4}% 35
\BOOKMARK [1][-]{section.2.5}{\376\377\000C\000o\000n\000c\000l\000u\000s\000i\000o\000n}{chapter.2}% 36
\BOOKMARK [0][-]{chapter.3}{\376\377\000M\000e\000t\000h\000o\000d\000s}{}% 37
\BOOKMARK [1][-]{section.3.1}{\376\377\000I\000n\000f\000o\000r\000m\000a\000t\000i\000o\000n\000\040\000G\000o\000v\000e\000r\000n\000a\000n\000c\000e}{chapter.3}% 38
\BOOKMARK [2][-]{subsection.3.1.1}{\376\377\000I\000n\000f\000r\000a\000s\000t\000r\000u\000c\000t\000u\000r\000e}{section.3.1}% 39
\BOOKMARK [2][-]{subsection.3.1.2}{\376\377\000A\000p\000p\000r\000o\000v\000a\000l\000s}{section.3.1}% 40
\BOOKMARK [2][-]{subsection.3.1.3}{\376\377\000D\000a\000t\000a\000\040\000p\000r\000o\000c\000e\000s\000s\000i\000n\000g}{section.3.1}% 41
\BOOKMARK [1][-]{section.3.2}{\376\377\000D\000a\000t\000a\000\040\000s\000o\000u\000r\000c\000e\000s\000\040\000f\000o\000r\000\040\000l\000i\000n\000k\000a\000g\000e}{chapter.3}% 42
\BOOKMARK [2][-]{subsection.3.2.1}{\376\377\000S\000o\000c\000i\000a\000l\000\040\000C\000a\000r\000e\000\040\000S\000u\000r\000v\000e\000y}{section.3.2}% 43
\BOOKMARK [2][-]{subsection.3.2.2}{\376\377\000N\000R\000S\000\040\000p\000o\000p\000u\000l\000a\000t\000i\000o\000n\000\040\000s\000p\000i\000n\000e\000\040\000a\000n\000d\000\040\000d\000e\000a\000t\000h\000\040\000r\000e\000c\000o\000r\000d\000s}{section.3.2}% 44
\BOOKMARK [2][-]{subsection.3.2.3}{\376\377\000P\000r\000e\000s\000c\000r\000i\000b\000i\000n\000g\000\040\000I\000n\000f\000o\000r\000m\000a\000t\000i\000o\000n\000\040\000S\000y\000s\000t\000e\000m}{section.3.2}% 45
\BOOKMARK [2][-]{subsection.3.2.4}{\376\377\000U\000n\000s\000c\000h\000e\000d\000u\000l\000e\000d\000\040\000c\000a\000r\000e\000\040\000d\000a\000t\000a}{section.3.2}% 46
\BOOKMARK [1][-]{section.3.3}{\376\377\000M\000a\000k\000i\000n\000g\000\040\000s\000o\000c\000i\000a\000l\000\040\000c\000a\000r\000e\000\040\000d\000a\000t\000a\000\040\000a\000v\000a\000i\000l\000a\000b\000l\000e\000\040\000f\000o\000r\000\040\000l\000i\000n\000k\000a\000g\000e}{chapter.3}% 47
\BOOKMARK [1][-]{section.3.4}{\376\377\000C\000r\000e\000a\000t\000i\000n\000g\000\040\000a\000\040\000l\000i\000n\000k\000e\000d\000\040\000h\000e\000a\000l\000t\000h\000\040\000a\000n\000d\000\040\000s\000o\000c\000i\000a\000l\000\040\000c\000a\000r\000e\000\040\000d\000a\000t\000a\000s\000e\000t}{chapter.3}% 48
\BOOKMARK [2][-]{subsection.3.4.1}{\376\377\000D\000e\000m\000o\000g\000r\000a\000p\000h\000i\000c\000,\000\040\000g\000e\000o\000g\000r\000a\000p\000h\000i\000c\000,\000\040\000a\000n\000d\000\040\000d\000e\000a\000t\000h\000s\000\040\000i\000n\000f\000o\000r\000m\000a\000t\000i\000o\000n}{section.3.4}% 49
\BOOKMARK [2][-]{subsection.3.4.2}{\376\377\000S\000o\000c\000i\000a\000l\000\040\000C\000a\000r\000e\000\040\000S\000u\000r\000v\000e\000y}{section.3.4}% 50
\BOOKMARK [2][-]{subsection.3.4.3}{\376\377\000P\000r\000e\000s\000c\000r\000i\000b\000i\000n\000g\000\040\000I\000n\000f\000o\000r\000m\000a\000t\000i\000o\000n\000\040\000S\000y\000s\000t\000e\000m}{section.3.4}% 51
\BOOKMARK [2][-]{subsection.3.4.4}{\376\377\000U\000n\000s\000c\000h\000e\000d\000u\000l\000e\000d\000\040\000c\000a\000r\000e\000\040\000m\000e\000a\000s\000u\000r\000e\000s}{section.3.4}% 52
\BOOKMARK [2][-]{subsection.3.4.5}{\376\377\000J\000o\000i\000n\000i\000n\000g\000\040\000s\000o\000u\000r\000c\000e\000s\000\040\000t\000o\000g\000e\000t\000h\000e\000r}{section.3.4}% 53
\BOOKMARK [1][-]{section.3.5}{\376\377\000S\000t\000a\000t\000i\000s\000t\000i\000c\000a\000l\000\040\000m\000e\000t\000h\000o\000d\000s}{chapter.3}% 54
\BOOKMARK [2][-]{subsection.3.5.1}{\376\377\000R\000e\000s\000e\000a\000r\000c\000h\000\040\000q\000u\000e\000s\000t\000i\000o\000n\000\040\0001}{section.3.5}% 55
\BOOKMARK [2][-]{subsection.3.5.2}{\376\377\000R\000e\000s\000e\000a\000r\000c\000h\000\040\000q\000u\000e\000s\000t\000i\000o\000n\000\040\0002}{section.3.5}% 56
\BOOKMARK [1][-]{section.3.6}{\376\377\000T\000i\000m\000e\000l\000i\000n\000e}{chapter.3}% 57
\BOOKMARK [1][-]{section.3.7}{\376\377\000S\000u\000m\000m\000a\000r\000y}{chapter.3}% 58
\BOOKMARK [0][-]{chapter.4}{\376\377\000R\000e\000n\000f\000r\000e\000w\000s\000h\000i\000r\000e\000\040\000C\000o\000u\000n\000c\000i\000l\000\040\000E\000x\000p\000l\000o\000r\000a\000t\000o\000r\000y\000\040\000P\000r\000o\000j\000e\000c\000t}{}% 59
\BOOKMARK [1][-]{section.4.1}{\376\377\000I\000n\000t\000r\000o\000d\000u\000c\000t\000i\000o\000n}{chapter.4}% 60
\BOOKMARK [1][-]{section.4.2}{\376\377\000B\000a\000c\000k\000g\000r\000o\000u\000n\000d}{chapter.4}% 61
\BOOKMARK [2][-]{subsection.4.2.1}{\376\377\000R\000e\000s\000e\000a\000r\000c\000h\000\040\000q\000u\000e\000s\000t\000i\000o\000n\000s}{section.4.2}% 62
\BOOKMARK [1][-]{section.4.3}{\376\377\000M\000e\000t\000h\000o\000d\000s}{chapter.4}% 63
\BOOKMARK [2][-]{subsection.4.3.1}{\376\377\000P\000r\000o\000j\000e\000c\000t\000\040\000a\000p\000p\000r\000o\000v\000a\000l\000s\000\040\000a\000n\000d\000\040\000t\000i\000m\000e\000l\000i\000n\000e}{section.4.3}% 64
\BOOKMARK [2][-]{subsection.4.3.2}{\376\377\000D\000a\000t\000a}{section.4.3}% 65
\BOOKMARK [2][-]{subsection.4.3.3}{\376\377\000A\000n\000a\000l\000y\000s\000i\000s}{section.4.3}% 66
\BOOKMARK [1][-]{section.4.4}{\376\377\000R\000e\000s\000u\000l\000t\000s}{chapter.4}% 67
\BOOKMARK [2][-]{subsection.4.4.1}{\376\377\000O\000v\000e\000r\000a\000l\000l\000\040\000t\000i\000m\000e\000\040\000s\000e\000r\000i\000e\000s}{section.4.4}% 68
\BOOKMARK [2][-]{subsection.4.4.2}{\376\377\000C\000o\000u\000n\000t\000s\000\040\000o\000f\000\040\000i\000n\000d\000i\000v\000i\000d\000u\000a\000l\000s\000\040\000r\000e\000c\000e\000i\000v\000i\000n\000g\000\040\000h\000o\000m\000e\000\040\000c\000a\000r\000e}{section.4.4}% 69
\BOOKMARK [2][-]{subsection.4.4.3}{\376\377\000T\000o\000t\000a\000l\000\040\000c\000a\000r\000e\000\040\000p\000r\000o\000v\000i\000d\000e\000d}{section.4.4}% 70
\BOOKMARK [2][-]{subsection.4.4.4}{\376\377\000C\000o\000m\000p\000a\000r\000i\000s\000o\000n\000\040\000o\000f\000\040\000i\000n\000d\000i\000v\000i\000d\000u\000a\000l\000s\000\040\000b\000y\000\040\000r\000e\000c\000e\000i\000p\000t\000\040\000o\000f\000\040\000c\000a\000r\000e\000\040\000d\000u\000r\000i\000n\000g\000\040\000t\000h\000e\000\040\000c\000e\000n\000s\000u\000s\000\040\000w\000e\000e\000k}{section.4.4}% 71
\BOOKMARK [1][-]{section.4.5}{\376\377\000D\000i\000s\000c\000u\000s\000s\000i\000o\000n}{chapter.4}% 72
\BOOKMARK [2][-]{subsection.4.5.1}{\376\377\000F\000i\000n\000d\000i\000n\000g\000s}{section.4.5}% 73
\BOOKMARK [2][-]{subsection.4.5.2}{\376\377\000L\000i\000m\000i\000t\000a\000t\000i\000o\000n\000s}{section.4.5}% 74
\BOOKMARK [2][-]{subsection.4.5.3}{\376\377\000I\000m\000p\000l\000i\000c\000a\000t\000i\000o\000n\000s}{section.4.5}% 75
\BOOKMARK [2][-]{subsection.4.5.4}{\376\377\000F\000u\000t\000u\000r\000e\000\040\000w\000o\000r\000k}{section.4.5}% 76
\BOOKMARK [1][-]{section.4.6}{\376\377\000C\000o\000n\000c\000l\000u\000s\000i\000o\000n}{chapter.4}% 77
\BOOKMARK [0][-]{chapter.5}{\376\377\000R\000e\000s\000u\000l\000t\000s\000\040\0001\000\040\000-\000\040\000D\000e\000s\000c\000r\000i\000p\000t\000i\000v\000e\000\040\000s\000t\000a\000t\000i\000s\000t\000i\000c\000s}{}% 78
\BOOKMARK [1][-]{section.5.1}{\376\377\000A\000g\000e\000,\000\040\000s\000e\000x\000,\000\040\000m\000o\000r\000t\000a\000l\000i\000t\000y\000,\000\040\000a\000n\000d\000\040\000l\000o\000c\000a\000l\000\040\000a\000u\000t\000h\000o\000r\000i\000t\000i\000e\000s}{chapter.5}% 79
\BOOKMARK [2][-]{subsection.5.1.1}{\376\377\000P\000a\000r\000t\000i\000c\000i\000p\000a\000n\000t\000s}{section.5.1}% 80
\BOOKMARK [2][-]{subsection.5.1.2}{\376\377\000A\000g\000e\000\040\000a\000n\000d\000\040\000s\000e\000x}{section.5.1}% 81
\BOOKMARK [2][-]{subsection.5.1.3}{\376\377\000M\000o\000r\000t\000a\000l\000i\000t\000y}{section.5.1}% 82
\BOOKMARK [2][-]{subsection.5.1.4}{\376\377\000L\000o\000c\000a\000l\000\040\000a\000u\000t\000h\000o\000r\000i\000t\000i\000e\000s}{section.5.1}% 83
\BOOKMARK [1][-]{section.5.2}{\376\377\000R\000e\000p\000e\000a\000t\000\040\000m\000e\000d\000i\000c\000i\000n\000e\000s}{chapter.5}% 84
\BOOKMARK [2][-]{subsection.5.2.1}{\376\377\000D\000i\000s\000t\000r\000i\000b\000u\000t\000i\000o\000n\000\040\000b\000y\000\040\000s\000e\000x}{section.5.2}% 85
\BOOKMARK [2][-]{subsection.5.2.2}{\376\377\000P\000e\000r\000c\000e\000n\000t\000a\000g\000e\000\040\000b\000y\000\040\000s\000e\000x\000,\000\040\000a\000g\000e\000\040\000g\000r\000o\000u\000p\000,\000\040\000a\000n\000d\000\040\000d\000e\000p\000r\000i\000v\000a\000t\000i\000o\000n}{section.5.2}% 86
\BOOKMARK [2][-]{subsection.5.2.3}{\376\377\000M\000u\000l\000t\000i\000m\000o\000r\000b\000i\000d\000i\000t\000y\000\040\000\050\000r\000e\000p\000e\000a\000t\000\040\000m\000e\000d\000i\000c\000i\000n\000e\000\051\000\040\000g\000r\000o\000u\000p\000s}{section.5.2}% 87
\BOOKMARK [1][-]{section.5.3}{\376\377\000D\000e\000p\000r\000i\000v\000a\000t\000i\000o\000n}{chapter.5}% 88
\BOOKMARK [2][-]{subsection.5.3.1}{\376\377\000P\000a\000r\000t\000i\000c\000i\000p\000a\000n\000t\000s}{section.5.3}% 89
\BOOKMARK [2][-]{subsection.5.3.2}{\376\377\000D\000e\000p\000r\000i\000v\000a\000t\000i\000o\000n\000\040\000b\000y\000\040\000a\000g\000e\000\040\000a\000n\000d\000\040\000s\000e\000x}{section.5.3}% 90
\BOOKMARK [2][-]{subsection.5.3.3}{\376\377\000D\000e\000p\000r\000i\000v\000a\000t\000i\000o\000n\000\040\000b\000y\000\040\000l\000o\000c\000a\000l\000\040\000a\000u\000t\000h\000o\000r\000i\000t\000y}{section.5.3}% 91
\BOOKMARK [1][-]{section.5.4}{\376\377\000S\000o\000c\000i\000a\000l\000\040\000C\000a\000r\000e}{chapter.5}% 92
\BOOKMARK [1][-]{section.5.5}{\376\377\000U\000n\000p\000l\000a\000n\000n\000e\000d\000\040\000h\000o\000s\000p\000i\000t\000a\000l\000\040\000a\000d\000m\000i\000s\000s\000i\000o\000n}{chapter.5}% 93
\BOOKMARK [1][-]{section.5.6}{\376\377\000S\000u\000m\000m\000a\000r\000y}{chapter.5}% 94
\BOOKMARK [0][-]{chapter.6}{\376\377\000R\000e\000s\000u\000l\000t\000s\000\040\0002\000:\000\040\000M\000o\000d\000e\000l\000s}{}% 95
\BOOKMARK [1][-]{section.6.1}{\376\377\000S\000o\000c\000i\000a\000l\000\040\000c\000a\000r\000e\000\040\000-\000\040\000g\000r\000o\000u\000p\000\040\0001}{chapter.6}% 96
\BOOKMARK [2][-]{subsection.6.1.1}{\376\377\000M\000o\000d\000e\000l\000s\000\040\000f\000o\000r\000\040\000c\000o\000u\000n\000c\000i\000l\000s\000\040\000w\000i\000t\000h\000\040\000l\000i\000n\000k\000\040\000r\000a\000t\000e\000\040\000g\000r\000e\000a\000t\000e\000r\000\040\000t\000h\000a\000n\000\040\0009\0006\000\045}{section.6.1}% 97
\BOOKMARK [2][-]{subsection.6.1.2}{\376\377\000D\000e\000s\000c\000r\000i\000p\000t\000i\000v\000e\000\040\000s\000t\000a\000t\000i\000s\000t\000i\000c\000s}{section.6.1}% 98
\BOOKMARK [2][-]{subsection.6.1.3}{\376\377\000M\000o\000d\000e\000l\000\040\000r\000e\000s\000u\000l\000t\000s}{section.6.1}% 99
\BOOKMARK [1][-]{section.6.2}{\376\377\000S\000o\000c\000i\000a\000l\000\040\000c\000a\000r\000e\000\040\000-\000\040\000g\000r\000o\000u\000p\000\040\0002}{chapter.6}% 100
\BOOKMARK [2][-]{subsection.6.2.1}{\376\377\000M\000o\000d\000e\000l\000s\000\040\000f\000o\000r\000\040\000c\000o\000u\000n\000c\000i\000l\000s\000\040\000w\000i\000t\000h\000\040\000l\000i\000n\000k\000\040\000r\000a\000t\000e\000\040\000b\000e\000t\000w\000e\000e\000n\000\040\0009\0002\000\045\000\040\000a\000n\000d\000\040\0009\0005\000.\0009\000\045}{section.6.2}% 101
\BOOKMARK [2][-]{subsection.6.2.2}{\376\377\000D\000e\000s\000c\000r\000i\000p\000t\000i\000v\000e\000\040\000s\000t\000a\000t\000i\000s\000t\000i\000c\000s}{section.6.2}% 102
\BOOKMARK [2][-]{subsection.6.2.3}{\376\377\000M\000o\000d\000e\000l\000\040\000r\000e\000s\000u\000l\000t\000s}{section.6.2}% 103
\BOOKMARK [1][-]{section.6.3}{\376\377\000U\000n\000p\000l\000a\000n\000n\000e\000d\000\040\000h\000o\000s\000p\000i\000t\000a\000l\000\040\000a\000d\000m\000i\000s\000s\000i\000o\000n}{chapter.6}% 104
\BOOKMARK [2][-]{subsection.6.3.1}{\376\377\000D\000e\000s\000c\000r\000i\000p\000t\000i\000v\000e\000\040\000s\000t\000a\000t\000i\000s\000t\000i\000c\000s}{section.6.3}% 105
\BOOKMARK [2][-]{subsection.6.3.2}{\376\377\000M\000o\000d\000e\000l\000\040\000r\000e\000s\000u\000l\000t\000s}{section.6.3}% 106
\BOOKMARK [1][-]{section.6.4}{\376\377\000S\000u\000m\000m\000a\000r\000y}{chapter.6}% 107
\BOOKMARK [0][-]{chapter.7}{\376\377\000D\000i\000s\000c\000u\000s\000s\000i\000o\000n}{}% 108
\BOOKMARK [1][-]{section.7.1}{\376\377\000K\000e\000y\000\040\000F\000i\000n\000d\000i\000n\000g\000s\000\040\000i\000n\000\040\000C\000o\000n\000t\000e\000x\000t}{chapter.7}% 109
\BOOKMARK [2][-]{subsection.7.1.1}{\376\377\000P\000a\000t\000t\000e\000r\000n\000s\000\040\000i\000n\000\040\000r\000e\000c\000e\000i\000p\000t\000\040\000o\000f\000\040\000s\000o\000c\000i\000a\000l\000\040\000c\000a\000r\000e}{section.7.1}% 110
\BOOKMARK [2][-]{subsection.7.1.2}{\376\377\000P\000a\000t\000t\000e\000r\000n\000s\000\040\000i\000n\000\040\000u\000n\000p\000l\000a\000n\000n\000e\000d\000\040\000h\000o\000s\000p\000i\000t\000a\000l\000\040\000a\000d\000m\000i\000s\000s\000i\000o\000n\000s}{section.7.1}% 111
\BOOKMARK [2][-]{subsection.7.1.3}{\376\377\000H\000e\000a\000l\000t\000h\000\040\000a\000n\000d\000\040\000s\000o\000c\000i\000a\000l\000\040\000c\000a\000r\000e\000\040\000i\000n\000t\000e\000r\000a\000c\000t\000i\000o\000n}{section.7.1}% 112
\BOOKMARK [2][-]{subsection.7.1.4}{\376\377\000S\000o\000c\000i\000a\000l\000\040\000c\000a\000r\000e\000\040\000d\000a\000t\000a}{section.7.1}% 113
\BOOKMARK [2][-]{subsection.7.1.5}{\376\377\000L\000i\000n\000k\000e\000d\000\040\000a\000d\000m\000i\000n\000i\000s\000t\000r\000a\000t\000i\000v\000e\000\040\000d\000a\000t\000a\000\040\000r\000e\000s\000e\000a\000r\000c\000h}{section.7.1}% 114
\BOOKMARK [1][-]{section.7.2}{\376\377\000C\000o\000m\000p\000a\000r\000i\000s\000o\000n\000s\000\040\000t\000o\000\040\000P\000r\000e\000v\000i\000o\000u\000s\000\040\000R\000e\000s\000e\000a\000r\000c\000h}{chapter.7}% 115
\BOOKMARK [1][-]{section.7.3}{\376\377\000S\000t\000r\000e\000n\000g\000t\000h\000s\000\040\000a\000n\000d\000\040\000L\000i\000m\000i\000t\000a\000t\000i\000o\000n\000s}{chapter.7}% 116
\BOOKMARK [2][-]{subsection.7.3.1}{\376\377\000S\000t\000r\000e\000n\000g\000t\000h\000s}{section.7.3}% 117
\BOOKMARK [2][-]{subsection.7.3.2}{\376\377\000L\000i\000m\000i\000t\000a\000t\000i\000o\000n\000s}{section.7.3}% 118
\BOOKMARK [1][-]{section.7.4}{\376\377\000R\000e\000c\000o\000m\000m\000e\000n\000d\000a\000t\000i\000o\000n\000s\000\040\000f\000o\000r\000\040\000f\000u\000t\000u\000r\000e\000\040\000r\000e\000s\000e\000a\000r\000c\000h}{chapter.7}% 119
\BOOKMARK [0][-]{chapter.8}{\376\377\000C\000o\000n\000c\000l\000u\000s\000i\000o\000n}{}% 120
\BOOKMARK [0][-]{section*.91}{\376\377\000A\000p\000p\000e\000n\000d\000i\000c\000e\000s}{}% 121
\BOOKMARK [0][-]{chapter*.99}{\376\377\000R\000e\000f\000e\000r\000e\000n\000c\000e\000s}{}% 122
